This is pdfTeX, Version 3.14159265-2.6-1.40.19 (TeX Live 2018) (preloaded format=pdflatex 2018.4.16)  14 JUL 2020 08:39
entering extended mode
 restricted \write18 enabled.
 file:line:error style messages enabled.
 %&-line parsing enabled.
**073_capital_projects.tex
(./073_capital_projects.tex
LaTeX2e <2018-04-01> patch level 2
Babel <3.18> and hyphenation patterns for 84 language(s) loaded.

./073_capital_projects.tex:2: LaTeX Error: Environment tabularx undefined.

See the LaTeX manual or LaTeX Companion for explanation.
Type  H <return>  for immediate help.
 ...                                              
                                                  
l.2 \begin{tabularx}
                    {\textwidth}{r|X|X|X|}
? 
./073_capital_projects.tex:2: Emergency stop.
 ...                                              
                                                  
l.2 \begin{tabularx}
                    {\textwidth}{r|X|X|X|}
Your command was ignored.
Type  I <command> <return>  to replace it with another command,
or  <return>  to continue without it.

 
Here is how much of TeX's memory you used:
 6 strings out of 492649
 318 string characters out of 6129622
 56400 words of memory out of 5000000
 3988 multiletter control sequences out of 15000+600000
 3640 words of font info for 14 fonts, out of 8000000 for 9000
 1141 hyphenation exceptions out of 8191
 5i,0n,4p,74b,16s stack positions out of 5000i,500n,10000p,200000b,80000s
./073_capital_projects.tex:2:  ==> Fatal error occurred, no output PDF file pro
duced!
