This is pdfTeX, Version 3.14159265-2.6-1.40.19 (TeX Live 2018) (preloaded format=pdflatex 2018.4.16)  28 SEP 2020 13:08
entering extended mode
 restricted \write18 enabled.
 file:line:error style messages enabled.
 %&-line parsing enabled.
**report_nosec.tex
(./report_nosec.tex
LaTeX2e <2018-04-01> patch level 2
Babel <3.18> and hyphenation patterns for 84 language(s) loaded.
(/usr/local/texlive/2018/texmf-dist/tex/latex/base/report.cls
Document Class: report 2014/09/29 v1.4h Standard LaTeX document class
(/usr/local/texlive/2018/texmf-dist/tex/latex/base/size11.clo
File: size11.clo 2014/09/29 v1.4h Standard LaTeX file (size option)
)
\c@part=\count80
\c@chapter=\count81
\c@section=\count82
\c@subsection=\count83
\c@subsubsection=\count84
\c@paragraph=\count85
\c@subparagraph=\count86
\c@figure=\count87
\c@table=\count88
\abovecaptionskip=\skip41
\belowcaptionskip=\skip42
\bibindent=\dimen102
)
(/usr/local/texlive/2018/texmf-dist/tex/latex/base/inputenc.sty
Package: inputenc 2018/04/06 v1.3b Input encoding file
\inpenc@prehook=\toks14
\inpenc@posthook=\toks15
)
(/usr/local/texlive/2018/texmf-dist/tex/latex/geometry/geometry.sty
Package: geometry 2018/03/24 v5.7 Page Geometry

(/usr/local/texlive/2018/texmf-dist/tex/latex/graphics/keyval.sty
Package: keyval 2014/10/28 v1.15 key=value parser (DPC)
\KV@toks@=\toks16
)
(/usr/local/texlive/2018/texmf-dist/tex/generic/oberdiek/ifpdf.sty
Package: ifpdf 2017/03/15 v3.2 Provides the ifpdf switch
)
(/usr/local/texlive/2018/texmf-dist/tex/generic/oberdiek/ifvtex.sty
Package: ifvtex 2016/05/16 v1.6 Detect VTeX and its facilities (HO)
Package ifvtex Info: VTeX not detected.
)
(/usr/local/texlive/2018/texmf-dist/tex/generic/ifxetex/ifxetex.sty
Package: ifxetex 2010/09/12 v0.6 Provides ifxetex conditional
)
\Gm@cnth=\count89
\Gm@cntv=\count90
\c@Gm@tempcnt=\count91
\Gm@bindingoffset=\dimen103
\Gm@wd@mp=\dimen104
\Gm@odd@mp=\dimen105
\Gm@even@mp=\dimen106
\Gm@layoutwidth=\dimen107
\Gm@layoutheight=\dimen108
\Gm@layouthoffset=\dimen109
\Gm@layoutvoffset=\dimen110
\Gm@dimlist=\toks17
)
(/usr/local/texlive/texmf-local/tex/latex/figureSeries/figureSeries.sty
Package: figureSeries 2015/07/13 v0.9.4 Provides a floating, figure*-like const
ruct that can break over multiple pages

(/usr/local/texlive/2018/texmf-dist/tex/latex/tools/afterpage.sty
Package: afterpage 2014/10/28 v1.08 After-Page Package (DPC)
\AP@output=\toks18
\AP@partial=\box26
\AP@footins=\box27
)
(/usr/local/texlive/2018/texmf-dist/tex/latex/sttools/cuted.sty
Package: cuted 2012/10/04 v1.5 Mixing onecolumn and twocolumn modes
\At@ViperColsBreak=\toks19
\v@aaa=\box28
\v@ccc=\box29
\lastskip@a=\skip43
\lastskip@b=\skip44
\lastskip@d=\skip45
\lastbox@a=\box30
\stripsep=\skip46
\@viper=\box31
\viper@penalty=\count92
\hold@viper=\box32
\ht@viper=\dimen111
))
(/usr/local/texlive/2018/texmf-dist/tex/generic/babel/babel.sty
Package: babel 2018/02/14 3.18 The Babel package

(/usr/local/texlive/2018/texmf-dist/tex/generic/babel/switch.def
File: switch.def 2018/02/14 3.18 Babel switching mechanism
)
(/usr/local/texlive/2018/texmf-dist/tex/generic/babel-german/ngerman.ldf
Language: ngerman 2018/03/29 v2.10 German support for babel (post-1996 orthogra
phy)

(/usr/local/texlive/2018/texmf-dist/tex/generic/babel-german/ngermanb.ldf
Language: ngermanb 2018/03/29 v2.10 German support for babel (post-1996 orthogr
aphy)

(/usr/local/texlive/2018/texmf-dist/tex/generic/babel/babel.def
File: babel.def 2018/02/14 3.18 Babel common definitions
\babel@savecnt=\count93
\U@D=\dimen112

(/usr/local/texlive/2018/texmf-dist/tex/generic/babel/txtbabel.def)
\bbl@dirlevel=\count94
)
Package babel Info: Making " an active character on input line 121.
))
(/usr/local/texlive/2018/texmf-dist/tex/generic/babel-english/english.ldf
Language: english 2017/06/06 v3.3r English support from the babel system
\l@canadian = a dialect from \language\l@american 
\l@australian = a dialect from \language\l@british 
\l@newzealand = a dialect from \language\l@british 
))
(/usr/local/texlive/2018/texmf-dist/tex/latex/supertabular/supertabular.sty
Package: supertabular 2004/02/20 v4.1e the supertabular environment
\c@tracingst=\count95
\ST@wd=\dimen113
\ST@rightskip=\skip47
\ST@leftskip=\skip48
\ST@parfillskip=\skip49
\ST@pageleft=\dimen114
\ST@headht=\dimen115
\ST@tailht=\dimen116
\ST@pagesofar=\dimen117
\ST@pboxht=\dimen118
\ST@lineht=\dimen119
\ST@stretchht=\dimen120
\ST@prevht=\dimen121
\ST@toadd=\dimen122
\ST@dimen=\dimen123
\ST@pbox=\box33
)
(/usr/local/texlive/2018/texmf-dist/tex/latex/enumitem/enumitem.sty
Package: enumitem 2011/09/28 v3.5.2 Customized lists
\labelindent=\skip50
\enit@outerparindent=\dimen124
\enit@toks=\toks20
\enit@inbox=\box34
\enitdp@description=\count96
)
(/usr/local/texlive/2018/texmf-dist/tex/latex/fancyhdr/fancyhdr.sty
Package: fancyhdr 2017/06/30 v3.9a Extensive control of page headers and footer
s
\f@nch@headwidth=\skip51
\f@nch@O@elh=\skip52
\f@nch@O@erh=\skip53
\f@nch@O@olh=\skip54
\f@nch@O@orh=\skip55
\f@nch@O@elf=\skip56
\f@nch@O@erf=\skip57
\f@nch@O@olf=\skip58
\f@nch@O@orf=\skip59
)
(/usr/local/texlive/2018/texmf-dist/tex/latex/footmisc/footmisc.sty
Package: footmisc 2011/06/06 v5.5b a miscellany of footnote facilities
\FN@temptoken=\toks21
\footnotemargin=\dimen125
\c@pp@next@reset=\count97
Package footmisc Info: Declaring symbol style bringhurst on input line 855.
Package footmisc Info: Declaring symbol style chicago on input line 863.
Package footmisc Info: Declaring symbol style wiley on input line 872.
Package footmisc Info: Declaring symbol style lamport-robust on input line 883.

Package footmisc Info: Declaring symbol style lamport* on input line 903.
Package footmisc Info: Declaring symbol style lamport*-robust on input line 924
.
)
(/usr/local/texlive/2018/texmf-dist/tex/latex/acronym/acronym.sty
Package: acronym 2015/03/21 v1.41 Support for acronyms (Tobias Oetiker)

(/usr/local/texlive/2018/texmf-dist/tex/latex/bigfoot/suffix.sty
Package: suffix 2006/07/15 1.5a Variant command support
)
(/usr/local/texlive/2018/texmf-dist/tex/generic/xstring/xstring.sty
(/usr/local/texlive/2018/texmf-dist/tex/generic/xstring/xstring.tex
\@xs@message=\write3
\integerpart=\count98
\decimalpart=\count99
)
Package: xstring 2013/10/13  v1.7c  String manipulations (C Tellechea)
)
\AC@clearlist=\toks22
)
(/usr/local/texlive/2018/texmf-dist/tex/latex/appendix/appendix.sty
Package: appendix 2009/09/02 v1.2b extra appendix facilities
\c@@pps=\count100
\c@@ppsavesec=\count101
\c@@ppsaveapp=\count102
)
(/usr/local/texlive/2018/texmf-dist/tex/latex/pdfpages/pdfpages.sty
Package: pdfpages 2017/10/31 v0.5l Insert pages of external PDF documents (AM)

(/usr/local/texlive/2018/texmf-dist/tex/latex/base/ifthen.sty
Package: ifthen 2014/09/29 v1.1c Standard LaTeX ifthen package (DPC)
)
(/usr/local/texlive/2018/texmf-dist/tex/latex/tools/calc.sty
Package: calc 2017/05/25 v4.3 Infix arithmetic (KKT,FJ)
\calc@Acount=\count103
\calc@Bcount=\count104
\calc@Adimen=\dimen126
\calc@Bdimen=\dimen127
\calc@Askip=\skip60
\calc@Bskip=\skip61
LaTeX Info: Redefining \setlength on input line 80.
LaTeX Info: Redefining \addtolength on input line 81.
\calc@Ccount=\count105
\calc@Cskip=\skip62
)
(/usr/local/texlive/2018/texmf-dist/tex/latex/eso-pic/eso-pic.sty
Package: eso-pic 2015/07/21 v2.0g eso-pic (RN)

(/usr/local/texlive/2018/texmf-dist/tex/generic/oberdiek/atbegshi.sty
Package: atbegshi 2016/06/09 v1.18 At begin shipout hook (HO)

(/usr/local/texlive/2018/texmf-dist/tex/generic/oberdiek/infwarerr.sty
Package: infwarerr 2016/05/16 v1.4 Providing info/warning/error messages (HO)
)
(/usr/local/texlive/2018/texmf-dist/tex/generic/oberdiek/ltxcmds.sty
Package: ltxcmds 2016/05/16 v1.23 LaTeX kernel commands for general use (HO)
))
(/usr/local/texlive/2018/texmf-dist/tex/latex/xcolor/xcolor.sty
Package: xcolor 2016/05/11 v2.12 LaTeX color extensions (UK)

(/usr/local/texlive/2018/texmf-dist/tex/latex/graphics-cfg/color.cfg
File: color.cfg 2016/01/02 v1.6 sample color configuration
)
Package xcolor Info: Driver file: pdftex.def on input line 225.

(/usr/local/texlive/2018/texmf-dist/tex/latex/graphics-def/pdftex.def
File: pdftex.def 2018/01/08 v1.0l Graphics/color driver for pdftex
)
(/usr/local/texlive/2018/texmf-dist/tex/latex/colortbl/colortbl.sty
Package: colortbl 2012/02/13 v1.0a Color table columns (DPC)

(/usr/local/texlive/2018/texmf-dist/tex/latex/tools/array.sty
Package: array 2018/04/07 v2.4g Tabular extension package (FMi)
\col@sep=\dimen128
\ar@mcellbox=\box35
\extrarowheight=\dimen129
\NC@list=\toks23
\extratabsurround=\skip63
\backup@length=\skip64
\ar@cellbox=\box36
)
\everycr=\toks24
\minrowclearance=\skip65
)
\rownum=\count106
Package xcolor Info: Model `cmy' substituted by `cmy0' on input line 1348.
Package xcolor Info: Model `hsb' substituted by `rgb' on input line 1352.
Package xcolor Info: Model `RGB' extended on input line 1364.
Package xcolor Info: Model `HTML' substituted by `rgb' on input line 1366.
Package xcolor Info: Model `Hsb' substituted by `hsb' on input line 1367.
Package xcolor Info: Model `tHsb' substituted by `hsb' on input line 1368.
Package xcolor Info: Model `HSB' substituted by `hsb' on input line 1369.
Package xcolor Info: Model `Gray' substituted by `gray' on input line 1370.
Package xcolor Info: Model `wave' substituted by `hsb' on input line 1371.
))
(/usr/local/texlive/2018/texmf-dist/tex/latex/graphics/graphicx.sty
Package: graphicx 2017/06/01 v1.1a Enhanced LaTeX Graphics (DPC,SPQR)

(/usr/local/texlive/2018/texmf-dist/tex/latex/graphics/graphics.sty
Package: graphics 2017/06/25 v1.2c Standard LaTeX Graphics (DPC,SPQR)

(/usr/local/texlive/2018/texmf-dist/tex/latex/graphics/trig.sty
Package: trig 2016/01/03 v1.10 sin cos tan (DPC)
)
(/usr/local/texlive/2018/texmf-dist/tex/latex/graphics-cfg/graphics.cfg
File: graphics.cfg 2016/06/04 v1.11 sample graphics configuration
)
Package graphics Info: Driver file: pdftex.def on input line 99.
)
\Gin@req@height=\dimen130
\Gin@req@width=\dimen131
)
\AM@pagewidth=\dimen132
\AM@pageheight=\dimen133

(/usr/local/texlive/2018/texmf-dist/tex/latex/pdfpages/pppdftex.def
File: pppdftex.def 2017/10/31 v0.5l Pdfpages driver for pdfTeX (AM)
)
\AM@pagebox=\box37
\AM@global@opts=\toks25
\AM@toc@title=\toks26
\c@AM@survey=\count107
\AM@templatesizebox=\box38
)
(/usr/local/texlive/2018/texmf-dist/tex/latex/csquotes/csquotes.sty
Package: csquotes 2018/02/11 v5.2c context-sensitive quotations (JAW)

(/usr/local/texlive/2018/texmf-dist/tex/latex/etoolbox/etoolbox.sty
Package: etoolbox 2018/02/11 v2.5e e-TeX tools for LaTeX (JAW)
\etb@tempcnta=\count108
)
\csq@reset=\count109
\csq@gtype=\count110
\csq@glevel=\count111
\csq@qlevel=\count112
\csq@maxlvl=\count113
\csq@tshold=\count114
\csq@ltx@everypar=\toks27

(/usr/local/texlive/2018/texmf-dist/tex/latex/csquotes/csquotes.def
File: csquotes.def 2018/02/11 v5.2c csquotes generic definitions (JAW)
)
Package csquotes Info: Trying to load configuration file 'csquotes.cfg'...
Package csquotes Info: ... configuration file loaded successfully.

(/usr/local/texlive/2018/texmf-dist/tex/latex/csquotes/csquotes.cfg
File: csquotes.cfg 
))
(/usr/local/texlive/2018/texmf-dist/tex/latex/emptypage/emptypage.sty
Package: emptypage 2010/05/30 v1.2 Suppress page numbers and headings on empty 
pages
)
(/usr/local/texlive/2018/texmf-dist/tex/latex/tools/verbatim.sty
Package: verbatim 2014/10/28 v1.5q LaTeX2e package for verbatim enhancements
\every@verbatim=\toks28
\verbatim@line=\toks29
\verbatim@in@stream=\read1
)
(/usr/local/texlive/2018/texmf-dist/tex/latex/threeparttable/threeparttable.sty
Package: threeparttable 2003/06/13  v 3.0
\@tempboxb=\box39
) (/usr/local/texlive/2018/texmf-dist/tex/latex/varwidth/varwidth.sty
Package: varwidth 2009/03/30 ver 0.92;  Variable-width minipages
\@vwid@box=\box40
\sift@deathcycles=\count115
\@vwid@loff=\dimen134
\@vwid@roff=\dimen135
)
(/usr/local/texlive/2018/texmf-dist/tex/latex/floatrow/floatrow.sty
Package: floatrow 2008/08/02 v0.3b floatrow: float package extension

(/usr/local/texlive/2018/texmf-dist/tex/latex/caption/caption3.sty
Package: caption3 2016/05/22 v1.7-166 caption3 kernel (AR)
Package caption3 Info: TeX engine: e-TeX on input line 67.
\captionmargin=\dimen136
\captionmargin@=\dimen137
\captionwidth=\dimen138
\caption@tempdima=\dimen139
\caption@indent=\dimen140
\caption@parindent=\dimen141
\caption@hangindent=\dimen142
)
\c@float@type=\count116
\float@exts=\toks30
\float@box=\box41
\@floatcapt=\box42
Package floatrow Info: Modified float package code loaded on input line 455.
Package floatrow Info: Modified rotfloat package code loaded on input line 473.

\FR@everyfloat=\toks31
\flrow@foot=\insert199
\FB@wd=\dimen143
\FBo@wd=\dimen144
\FBc@wd=\dimen145
\FBo@ht=\skip66
\FBc@ht=\skip67
\FBf@ht=\skip68
\FBo@max=\skip69
\FBc@max=\skip70
\FBf@max=\skip71
\c@FBl@b=\count117
\floatbox@depth=\count118
\c@FRobj=\count119
\c@FRsobj=\count120
\Xhsize=\skip72
\sXhsize=\skip73
\Zhsize=\skip74
\sZhsize=\skip75
\flrow@rowbox=\box43
\FR@Zunitlength=\dimen146
\c@FBcnt=\count121
\FPOScnt=\count122
\LTleft=\skip76
\LTright=\skip77
\LTleft=\skip78
\LTright=\skip79
\flrow@types=\toks32
)
(/usr/local/texlive/2018/texmf-dist/tex/latex/multirow/multirow.sty
Package: multirow 2016/11/25 v2.2 Span multiple rows of a table
\multirow@colwidth=\skip80
\multirow@cntb=\count123
\multirow@dima=\skip81
\bigstrutjot=\dimen147
)
(/usr/local/texlive/2018/texmf-dist/tex/latex/titlesec/titlesec.sty
Package: titlesec 2016/03/21 v2.10.2 Sectioning titles
\ttl@box=\box44
\beforetitleunit=\skip82
\aftertitleunit=\skip83
\ttl@plus=\dimen148
\ttl@minus=\dimen149
\ttl@toksa=\toks33
\titlewidth=\dimen150
\titlewidthlast=\dimen151
\titlewidthfirst=\dimen152
)
(/usr/local/texlive/2018/texmf-dist/tex/latex/tools/tabularx.sty
Package: tabularx 2016/02/03 v2.11b `tabularx' package (DPC)
\TX@col@width=\dimen153
\TX@old@table=\dimen154
\TX@old@col=\dimen155
\TX@target=\dimen156
\TX@delta=\dimen157
\TX@cols=\count124
\TX@ftn=\toks34
)
(/usr/local/texlive/2018/texmf-dist/tex/latex/adjustbox/adjustbox.sty
Package: adjustbox 2018/04/08 v1.1 Adjusting TeX boxes (trim, clip, ...)

(/usr/local/texlive/2018/texmf-dist/tex/latex/xkeyval/xkeyval.sty
Package: xkeyval 2014/12/03 v2.7a package option processing (HA)

(/usr/local/texlive/2018/texmf-dist/tex/generic/xkeyval/xkeyval.tex
(/usr/local/texlive/2018/texmf-dist/tex/generic/xkeyval/xkvutils.tex
\XKV@toks=\toks35
\XKV@tempa@toks=\toks36
)
\XKV@depth=\count125
File: xkeyval.tex 2014/12/03 v2.7a key=value parser (HA)
))
(/usr/local/texlive/2018/texmf-dist/tex/latex/adjustbox/adjcalc.sty
Package: adjcalc 2012/05/16 v1.1 Provides advanced setlength with multiple back
-ends (calc, etex, pgfmath)
)
(/usr/local/texlive/2018/texmf-dist/tex/latex/adjustbox/trimclip.sty
Package: trimclip 2018/04/08 v1.1 Trim and clip general TeX material

(/usr/local/texlive/2018/texmf-dist/tex/latex/collectbox/collectbox.sty
Package: collectbox 2012/05/17 v0.4b Collect macro arguments as boxes
\collectedbox=\box45
)
\tc@llx=\dimen158
\tc@lly=\dimen159
\tc@urx=\dimen160
\tc@ury=\dimen161
Package trimclip Info: Using driver 'tc-pdftex.def'.

(/usr/local/texlive/2018/texmf-dist/tex/latex/adjustbox/tc-pdftex.def
File: tc-pdftex.def 2018/04/08 v2.1 Clipping driver for pdftex
))
\adjbox@Width=\dimen162
\adjbox@Height=\dimen163
\adjbox@Depth=\dimen164
\adjbox@Totalheight=\dimen165
\adjbox@pwidth=\dimen166
\adjbox@pheight=\dimen167
\adjbox@pdepth=\dimen168
\adjbox@ptotalheight=\dimen169

(/usr/local/texlive/2018/texmf-dist/tex/latex/ifoddpage/ifoddpage.sty
Package: ifoddpage 2016/04/23 v1.1 Conditionals for odd/even page detection
\c@checkoddpage=\count126
))
(/usr/local/texlive/2018/texmf-dist/tex/latex/caption/subcaption.sty
Package: subcaption 2016/05/22 v1.1-161 Sub-captions (AR)

(/usr/local/texlive/2018/texmf-dist/tex/latex/caption/caption.sty
Package: caption 2016/02/21 v3.3-144 Customizing captions (AR)
\c@ContinuedFloat=\count127
Package caption Info: float package is loaded.
Package caption Info: floatrow package is loaded.
Package caption Info: supertabular package is loaded.
Package caption Info: threeparttable package is loaded.
)
\c@subfigure=\count128
\c@subtable=\count129
)
(/usr/local/texlive/2018/texmf-dist/tex/latex/biblatex/biblatex.sty
Package: biblatex 2018/03/04 v3.11 programmable bibliographies (PK/MW)

(/usr/local/texlive/2018/texmf-dist/tex/generic/oberdiek/pdftexcmds.sty
Package: pdftexcmds 2018/01/30 v0.27 Utility functions of pdfTeX for LuaTeX (HO
)

(/usr/local/texlive/2018/texmf-dist/tex/generic/oberdiek/ifluatex.sty
Package: ifluatex 2016/05/16 v1.4 Provides the ifluatex switch (HO)
Package ifluatex Info: LuaTeX not detected.
)
Package pdftexcmds Info: LuaTeX not detected.
Package pdftexcmds Info: \pdf@primitive is available.
Package pdftexcmds Info: \pdf@ifprimitive is available.
Package pdftexcmds Info: \pdfdraftmode found.
)
(/usr/local/texlive/2018/texmf-dist/tex/latex/oberdiek/kvoptions.sty
Package: kvoptions 2016/05/16 v3.12 Key value format for package options (HO)

(/usr/local/texlive/2018/texmf-dist/tex/generic/oberdiek/kvsetkeys.sty
Package: kvsetkeys 2016/05/16 v1.17 Key value parser (HO)

(/usr/local/texlive/2018/texmf-dist/tex/generic/oberdiek/etexcmds.sty
Package: etexcmds 2016/05/16 v1.6 Avoid name clashes with e-TeX commands (HO)
Package etexcmds Info: Could not find \expanded.
(etexcmds)             That can mean that you are not using pdfTeX 1.50 or
(etexcmds)             that some package has redefined \expanded.
(etexcmds)             In the latter case, load this package earlier.
)))
(/usr/local/texlive/2018/texmf-dist/tex/latex/logreq/logreq.sty
Package: logreq 2010/08/04 v1.0 xml request logger
\lrq@indent=\count130

(/usr/local/texlive/2018/texmf-dist/tex/latex/logreq/logreq.def
File: logreq.def 2010/08/04 v1.0 logreq spec v1.0
))
(/usr/local/texlive/2018/texmf-dist/tex/latex/url/url.sty
\Urlmuskip=\muskip10
Package: url 2013/09/16  ver 3.4  Verb mode for urls, etc.
)
\c@tabx@nest=\count131
\c@listtotal=\count132
\c@listcount=\count133
\c@liststart=\count134
\c@liststop=\count135
\c@citecount=\count136
\c@citetotal=\count137
\c@multicitecount=\count138
\c@multicitetotal=\count139
\c@instcount=\count140
\c@maxnames=\count141
\c@minnames=\count142
\c@maxitems=\count143
\c@minitems=\count144
\c@citecounter=\count145
\c@savedcitecounter=\count146
\c@uniquelist=\count147
\c@uniquename=\count148
\c@refsection=\count149
\c@refsegment=\count150
\c@maxextratitle=\count151
\c@maxextratitleyear=\count152
\c@maxextradate=\count153
\c@maxextraalpha=\count154
\c@abbrvpenalty=\count155
\c@highnamepenalty=\count156
\c@lownamepenalty=\count157
\c@maxparens=\count158
\c@parenlevel=\count159
\blx@tempcnta=\count160
\blx@tempcntb=\count161
\blx@tempcntc=\count162
\blx@maxsection=\count163
\blx@maxsegment@0=\count164
\blx@notetype=\count165
\blx@parenlevel@text=\count166
\blx@parenlevel@foot=\count167
\blx@sectionciteorder@0=\count168
\labelnumberwidth=\skip84
\labelalphawidth=\skip85
\biblabelsep=\skip86
\bibitemsep=\skip87
\bibnamesep=\skip88
\bibinitsep=\skip89
\bibparsep=\skip90
\bibhang=\skip91
\blx@bcfin=\read2
\blx@bcfout=\write4
\c@mincomprange=\count169
\c@maxcomprange=\count170
\c@mincompwidth=\count171
Package biblatex Info: Trying to load biblatex default data model...
Package biblatex Info: ... file 'blx-dm.def' found.

(/usr/local/texlive/2018/texmf-dist/tex/latex/biblatex/blx-dm.def
File: blx-dm.def 2018/03/04 v3.11 biblatex localization (PK/MW)
)
Package biblatex Info: Trying to load biblatex style data model...
Package biblatex Info: ... file 'numeric.dbx' not found.
Package biblatex Info: Trying to load biblatex custom data model...
Package biblatex Info: ... file 'biblatex-dm.cfg' not found.
\c@afterword=\count172
\c@savedafterword=\count173
\c@annotator=\count174
\c@savedannotator=\count175
\c@author=\count176
\c@savedauthor=\count177
\c@bookauthor=\count178
\c@savedbookauthor=\count179
\c@commentator=\count180
\c@savedcommentator=\count181
\c@editor=\count182
\c@savededitor=\count183
\c@editora=\count184
\c@savededitora=\count185
\c@editorb=\count186
\c@savededitorb=\count187
\c@editorc=\count188
\c@savededitorc=\count189
\c@foreword=\count190
\c@savedforeword=\count191
\c@holder=\count192
\c@savedholder=\count193
\c@introduction=\count194
\c@savedintroduction=\count195
\c@namea=\count196
\c@savednamea=\count197
\c@nameb=\count198
\c@savednameb=\count266
\c@namec=\count267
\c@savednamec=\count268
\c@translator=\count269
\c@savedtranslator=\count270
\c@shortauthor=\count271
\c@savedshortauthor=\count272
\c@shorteditor=\count273
\c@savedshorteditor=\count274
\c@labelname=\count275
\c@savedlabelname=\count276
\c@institution=\count277
\c@savedinstitution=\count278
\c@lista=\count279
\c@savedlista=\count280
\c@listb=\count281
\c@savedlistb=\count282
\c@listc=\count283
\c@savedlistc=\count284
\c@listd=\count285
\c@savedlistd=\count286
\c@liste=\count287
\c@savedliste=\count288
\c@listf=\count289
\c@savedlistf=\count290
\c@location=\count291
\c@savedlocation=\count292
\c@organization=\count293
\c@savedorganization=\count294
\c@origlocation=\count295
\c@savedoriglocation=\count296
\c@origpublisher=\count297
\c@savedorigpublisher=\count298
\c@publisher=\count299
\c@savedpublisher=\count300
\c@language=\count301
\c@savedlanguage=\count302
\c@origlanguage=\count303
\c@savedoriglanguage=\count304
\c@pageref=\count305
\c@savedpageref=\count306
\shorthandwidth=\skip92
\shortjournalwidth=\skip93
\shortserieswidth=\skip94
\shorttitlewidth=\skip95
\shortauthorwidth=\skip96
\shorteditorwidth=\skip97
\locallabelnumberwidth=\skip98
\locallabelalphawidth=\skip99
\localshorthandwidth=\skip100
\localshortjournalwidth=\skip101
\localshortserieswidth=\skip102
\localshorttitlewidth=\skip103
\localshortauthorwidth=\skip104
\localshorteditorwidth=\skip105
Package biblatex Info: Trying to load compatibility code...
Package biblatex Info: ... file 'blx-compat.def' found.

(/usr/local/texlive/2018/texmf-dist/tex/latex/biblatex/blx-compat.def
File: blx-compat.def 2018/03/04 v3.11 biblatex compatibility (PK/MW)
)
Package biblatex Info: Trying to load BibTeX backend compatibility...
Package biblatex Info: ... file 'blx-bibtex.def' found.

(/usr/local/texlive/2018/texmf-dist/tex/latex/biblatex/blx-bibtex.def
File: blx-bibtex.def 2018/03/04 v3.11 biblatex compatibility (PK/MW)


Package biblatex Warning: Using fall-back BibTeX(8) backend:
(biblatex)                functionality may be reduced/unavailable.

)
Package biblatex Info: Trying to load generic definitions...
Package biblatex Info: ... file 'biblatex.def' found.
 (/usr/local/texlive/2018/texmf-dist/tex/latex/biblatex/biblatex.def
File: biblatex.def 2018/03/04 v3.11 biblatex compatibility (PK/MW)
\c@textcitecount=\count307
\c@textcitetotal=\count308
\c@textcitemaxnames=\count309
\c@biburlnumpenalty=\count310
\c@biburlucpenalty=\count311
\c@biburllcpenalty=\count312
\c@smartand=\count313
)
Package biblatex Info: Trying to load bibliography style 'numeric'...
Package biblatex Info: ... file 'numeric.bbx' found.

(/usr/local/texlive/2018/texmf-dist/tex/latex/biblatex/bbx/numeric.bbx
File: numeric.bbx 2018/03/04 v3.11 biblatex bibliography style (PK/MW)
Package biblatex Info: Trying to load bibliography style 'standard'...
Package biblatex Info: ... file 'standard.bbx' found.

(/usr/local/texlive/2018/texmf-dist/tex/latex/biblatex/bbx/standard.bbx
File: standard.bbx 2018/03/04 v3.11 biblatex bibliography style (PK/MW)
\c@bbx:relatedcount=\count314
\c@bbx:relatedtotal=\count315
))
Package biblatex Info: Trying to load citation style 'numeric'...
Package biblatex Info: ... file 'numeric.cbx' found.

(/usr/local/texlive/2018/texmf-dist/tex/latex/biblatex/cbx/numeric.cbx
File: numeric.cbx 2018/03/04 v3.11 biblatex citation style (PK/MW)
Package biblatex Info: Redefining '\cite'.
Package biblatex Info: Redefining '\parencite'.
Package biblatex Info: Redefining '\footcite'.
Package biblatex Info: Redefining '\footcitetext'.
Package biblatex Info: Redefining '\smartcite'.
Package biblatex Info: Redefining '\supercite'.
Package biblatex Info: Redefining '\textcite'.
Package biblatex Info: Redefining '\textcites'.
Package biblatex Info: Redefining '\cites'.
Package biblatex Info: Redefining '\parencites'.
Package biblatex Info: Redefining '\smartcites'.
)
Package biblatex Info: Trying to load configuration file...
Package biblatex Info: ... file 'biblatex.cfg' found.

(/usr/local/texlive/2018/texmf-dist/tex/latex/biblatex/biblatex.cfg
File: biblatex.cfg 
))
(/usr/local/texlive/2018/texmf-dist/tex/latex/breakurl/breakurl.sty
Package: breakurl 2013/04/10 v1.40 Breakable hyperref URLs


Package breakurl Warning: You are using breakurl while processing via pdflatex.

(breakurl)                \burl will be just a synonym of \url.
(breakurl)                 on input line 48.

) (/usr/local/texlive/2018/texmf-dist/tex/latex/hyperref/hyperref.sty
Package: hyperref 2018/02/06 v6.86b Hypertext links for LaTeX

(/usr/local/texlive/2018/texmf-dist/tex/generic/oberdiek/hobsub-hyperref.sty
Package: hobsub-hyperref 2016/05/16 v1.14 Bundle oberdiek, subset hyperref (HO)


(/usr/local/texlive/2018/texmf-dist/tex/generic/oberdiek/hobsub-generic.sty
Package: hobsub-generic 2016/05/16 v1.14 Bundle oberdiek, subset generic (HO)
Package: hobsub 2016/05/16 v1.14 Construct package bundles (HO)
Package hobsub Info: Skipping package `infwarerr' (already loaded).
Package hobsub Info: Skipping package `ltxcmds' (already loaded).
Package hobsub Info: Skipping package `ifluatex' (already loaded).
Package hobsub Info: Skipping package `ifvtex' (already loaded).
Package: intcalc 2016/05/16 v1.2 Expandable calculations with integers (HO)
Package hobsub Info: Skipping package `ifpdf' (already loaded).
Package hobsub Info: Skipping package `etexcmds' (already loaded).
Package hobsub Info: Skipping package `kvsetkeys' (already loaded).
Package: kvdefinekeys 2016/05/16 v1.4 Define keys (HO)
Package hobsub Info: Skipping package `pdftexcmds' (already loaded).
Package: pdfescape 2016/05/16 v1.14 Implements pdfTeX's escape features (HO)
Package: bigintcalc 2016/05/16 v1.4 Expandable calculations on big integers (HO
)
Package: bitset 2016/05/16 v1.2 Handle bit-vector datatype (HO)
Package: uniquecounter 2016/05/16 v1.3 Provide unlimited unique counter (HO)
)
Package hobsub Info: Skipping package `hobsub' (already loaded).
Package: letltxmacro 2016/05/16 v1.5 Let assignment for LaTeX macros (HO)
Package: hopatch 2016/05/16 v1.3 Wrapper for package hooks (HO)
Package: xcolor-patch 2016/05/16 xcolor patch
Package: atveryend 2016/05/16 v1.9 Hooks at the very end of document (HO)
Package atveryend Info: \AP@enddocument detected (standard20110627).
Package hobsub Info: Skipping package `atbegshi' (already loaded).
Package: refcount 2016/05/16 v3.5 Data extraction from label references (HO)
Package: hycolor 2016/05/16 v1.8 Color options for hyperref/bookmark (HO)
)
(/usr/local/texlive/2018/texmf-dist/tex/latex/oberdiek/auxhook.sty
Package: auxhook 2016/05/16 v1.4 Hooks for auxiliary files (HO)
)
\@linkdim=\dimen170
\Hy@linkcounter=\count316
\Hy@pagecounter=\count317

(/usr/local/texlive/2018/texmf-dist/tex/latex/hyperref/pd1enc.def
File: pd1enc.def 2018/02/06 v6.86b Hyperref: PDFDocEncoding definition (HO)
Now handling font encoding PD1 ...
... no UTF-8 mapping file for font encoding PD1
)
\Hy@SavedSpaceFactor=\count318

(/usr/local/texlive/2018/texmf-dist/tex/latex/latexconfig/hyperref.cfg
File: hyperref.cfg 2002/06/06 v1.2 hyperref configuration of TeXLive
)
Package hyperref Info: Option `final' set `true' on input line 4383.


Package hyperref Warning: Token not allowed in a PDF string (PDFDocEncoding):
(hyperref)                removing `math shift' on input line 4383.


Package hyperref Warning: Token not allowed in a PDF string (PDFDocEncoding):
(hyperref)                removing `subscript' on input line 4383.


Package hyperref Warning: Token not allowed in a PDF string (PDFDocEncoding):
(hyperref)                removing `math shift' on input line 4383.

Package hyperref Info: Option `pdfdisplaydoctitle' set `true' on input line 438
3.
Package hyperref Info: Option `breaklinks' set `true' on input line 4383.
Package hyperref Info: Hyper figures OFF on input line 4509.
Package hyperref Info: Link nesting OFF on input line 4514.
Package hyperref Info: Hyper index ON on input line 4517.
Package hyperref Info: Plain pages OFF on input line 4524.
Package hyperref Info: Backreferencing OFF on input line 4529.
Package hyperref Info: Implicit mode ON; LaTeX internals redefined.
Package hyperref Info: Bookmarks ON on input line 4762.
\c@Hy@tempcnt=\count319
LaTeX Info: Redefining \url on input line 5115.
\XeTeXLinkMargin=\dimen171
\Fld@menulength=\count320
\Field@Width=\dimen172
\Fld@charsize=\dimen173
Package hyperref Info: Hyper figures OFF on input line 6369.
Package hyperref Info: Link nesting OFF on input line 6374.
Package hyperref Info: Hyper index ON on input line 6377.
Package hyperref Info: backreferencing OFF on input line 6384.
Package hyperref Info: Link coloring OFF on input line 6389.
Package hyperref Info: Link coloring with OCG OFF on input line 6394.
Package hyperref Info: PDF/A mode OFF on input line 6399.
LaTeX Info: Redefining \ref on input line 6439.
LaTeX Info: Redefining \pageref on input line 6443.
\Hy@abspage=\count321
\c@Item=\count322
\c@Hfootnote=\count323
)
Package hyperref Info: Driver (autodetected): hpdftex.
 (/usr/local/texlive/2018/texmf-dist/tex/latex/hyperref/hpdftex.def
File: hpdftex.def 2018/02/06 v6.86b Hyperref driver for pdfTeX
\Fld@listcount=\count324
\c@bookmark@seq@number=\count325

(/usr/local/texlive/2018/texmf-dist/tex/latex/oberdiek/rerunfilecheck.sty
Package: rerunfilecheck 2016/05/16 v1.8 Rerun checks for auxiliary files (HO)
Package uniquecounter Info: New unique counter `rerunfilecheck' on input line 2
82.
)
\Hy@SectionHShift=\skip106
)

Package hyperref Warning: Unexpected value for option `hidelinks'
(hyperref)                is ignored on input line 140.

Package hyperref Info: Option `colorlinks' set `false' on input line 140.
Package hyperref Info: Option `linktocpage' set `true' on input line 140.
Package hyperref Info: Option `bookmarksnumbered' set `true' on input line 140.

(/usr/local/texlive/2018/texmf-dist/tex/latex/pagecolor/pagecolor.sty
Package: pagecolor 2017/05/29 v1.0i Provides thepagecolor (HMM)
)
(/usr/local/texlive/2018/texmf-dist/tex/latex/psnfss/helvet.sty
Package: helvet 2005/04/12 PSNFSS-v9.2a (WaS) 
)
(/usr/local/texlive/2018/texmf-dist/tex/latex/titlesec/block.tss
File: block.tss 2016/03/15
)
(/usr/local/texlive/2018/texmf-dist/tex/latex/listings/listings.sty
\lst@mode=\count326
\lst@gtempboxa=\box46
\lst@token=\toks37
\lst@length=\count327
\lst@currlwidth=\dimen174
\lst@column=\count328
\lst@pos=\count329
\lst@lostspace=\dimen175
\lst@width=\dimen176
\lst@newlines=\count330
\lst@lineno=\count331
\lst@maxwidth=\dimen177

(/usr/local/texlive/2018/texmf-dist/tex/latex/listings/lstmisc.sty
File: lstmisc.sty 2015/06/04 1.6 (Carsten Heinz)
\c@lstnumber=\count332
\lst@skipnumbers=\count333
\lst@framebox=\box47
)
(/usr/local/texlive/2018/texmf-dist/tex/latex/listings/listings.cfg
File: listings.cfg 2015/06/04 1.6 listings configuration
))
Package: listings 2015/06/04 1.6 (Carsten Heinz)

(/usr/local/texlive/2018/texmf-dist/tex/latex/listings/lstlang1.sty
File: lstlang1.sty 2015/06/04 1.6 listings language file
)
(/usr/local/texlive/2018/texmf-dist/tex/latex/listings/lstlang1.sty
File: lstlang1.sty 2015/06/04 1.6 listings language file
)
(/usr/local/texlive/2018/texmf-dist/tex/latex/listings/lstlang2.sty
File: lstlang2.sty 2015/06/04 1.6 listings language file
)
(/usr/local/texlive/2018/texmf-dist/tex/latex/listings/lstmisc.sty
File: lstmisc.sty 2015/06/04 1.6 (Carsten Heinz)
)
(/usr/local/texlive/2018/texmf-dist/tex/latex/pgf/frontendlayer/tikz.sty
(/usr/local/texlive/2018/texmf-dist/tex/latex/pgf/basiclayer/pgf.sty
(/usr/local/texlive/2018/texmf-dist/tex/latex/pgf/utilities/pgfrcs.sty
(/usr/local/texlive/2018/texmf-dist/tex/generic/pgf/utilities/pgfutil-common.te
x
\pgfutil@everybye=\toks38
\pgfutil@tempdima=\dimen178
\pgfutil@tempdimb=\dimen179

(/usr/local/texlive/2018/texmf-dist/tex/generic/pgf/utilities/pgfutil-common-li
sts.tex))
(/usr/local/texlive/2018/texmf-dist/tex/generic/pgf/utilities/pgfutil-latex.def
\pgfutil@abb=\box48
(/usr/local/texlive/2018/texmf-dist/tex/latex/ms/everyshi.sty
Package: everyshi 2001/05/15 v3.00 EveryShipout Package (MS)
))
(/usr/local/texlive/2018/texmf-dist/tex/generic/pgf/utilities/pgfrcs.code.tex
Package: pgfrcs 2015/08/07 v3.0.1a (rcs-revision 1.31)
))
Package: pgf 2015/08/07 v3.0.1a (rcs-revision 1.15)
(/usr/local/texlive/2018/texmf-dist/tex/latex/pgf/basiclayer/pgfcore.sty
(/usr/local/texlive/2018/texmf-dist/tex/latex/pgf/systemlayer/pgfsys.sty
(/usr/local/texlive/2018/texmf-dist/tex/generic/pgf/systemlayer/pgfsys.code.tex
Package: pgfsys 2014/07/09 v3.0.1a (rcs-revision 1.48)
(/usr/local/texlive/2018/texmf-dist/tex/generic/pgf/utilities/pgfkeys.code.tex
\pgfkeys@pathtoks=\toks39
\pgfkeys@temptoks=\toks40

(/usr/local/texlive/2018/texmf-dist/tex/generic/pgf/utilities/pgfkeysfiltered.c
ode.tex
\pgfkeys@tmptoks=\toks41
))
\pgf@x=\dimen180
\pgf@y=\dimen181
\pgf@xa=\dimen182
\pgf@ya=\dimen183
\pgf@xb=\dimen184
\pgf@yb=\dimen185
\pgf@xc=\dimen186
\pgf@yc=\dimen187
\w@pgf@writea=\write5
\r@pgf@reada=\read3
\c@pgf@counta=\count334
\c@pgf@countb=\count335
\c@pgf@countc=\count336
\c@pgf@countd=\count337
\t@pgf@toka=\toks42
\t@pgf@tokb=\toks43
\t@pgf@tokc=\toks44

(/usr/local/texlive/2018/texmf-dist/tex/generic/pgf/systemlayer/pgf.cfg
File: pgf.cfg 2008/05/14  (rcs-revision 1.7)
)
Driver file for pgf: pgfsys-pdftex.def

(/usr/local/texlive/2018/texmf-dist/tex/generic/pgf/systemlayer/pgfsys-pdftex.d
ef
File: pgfsys-pdftex.def 2014/10/11  (rcs-revision 1.35)

(/usr/local/texlive/2018/texmf-dist/tex/generic/pgf/systemlayer/pgfsys-common-p
df.def
File: pgfsys-common-pdf.def 2013/10/10  (rcs-revision 1.13)
)))
(/usr/local/texlive/2018/texmf-dist/tex/generic/pgf/systemlayer/pgfsyssoftpath.
code.tex
File: pgfsyssoftpath.code.tex 2013/09/09  (rcs-revision 1.9)
\pgfsyssoftpath@smallbuffer@items=\count338
\pgfsyssoftpath@bigbuffer@items=\count339
)
(/usr/local/texlive/2018/texmf-dist/tex/generic/pgf/systemlayer/pgfsysprotocol.
code.tex
File: pgfsysprotocol.code.tex 2006/10/16  (rcs-revision 1.4)
))
(/usr/local/texlive/2018/texmf-dist/tex/generic/pgf/basiclayer/pgfcore.code.tex
Package: pgfcore 2010/04/11 v3.0.1a (rcs-revision 1.7)
(/usr/local/texlive/2018/texmf-dist/tex/generic/pgf/math/pgfmath.code.tex
(/usr/local/texlive/2018/texmf-dist/tex/generic/pgf/math/pgfmathcalc.code.tex
(/usr/local/texlive/2018/texmf-dist/tex/generic/pgf/math/pgfmathutil.code.tex)
(/usr/local/texlive/2018/texmf-dist/tex/generic/pgf/math/pgfmathparser.code.tex
\pgfmath@dimen=\dimen188
\pgfmath@count=\count340
\pgfmath@box=\box49
\pgfmath@toks=\toks45
\pgfmath@stack@operand=\toks46
\pgfmath@stack@operation=\toks47
)
(/usr/local/texlive/2018/texmf-dist/tex/generic/pgf/math/pgfmathfunctions.code.
tex
(/usr/local/texlive/2018/texmf-dist/tex/generic/pgf/math/pgfmathfunctions.basic
.code.tex)
(/usr/local/texlive/2018/texmf-dist/tex/generic/pgf/math/pgfmathfunctions.trigo
nometric.code.tex)
(/usr/local/texlive/2018/texmf-dist/tex/generic/pgf/math/pgfmathfunctions.rando
m.code.tex)
(/usr/local/texlive/2018/texmf-dist/tex/generic/pgf/math/pgfmathfunctions.compa
rison.code.tex)
(/usr/local/texlive/2018/texmf-dist/tex/generic/pgf/math/pgfmathfunctions.base.
code.tex)
(/usr/local/texlive/2018/texmf-dist/tex/generic/pgf/math/pgfmathfunctions.round
.code.tex)
(/usr/local/texlive/2018/texmf-dist/tex/generic/pgf/math/pgfmathfunctions.misc.
code.tex)
(/usr/local/texlive/2018/texmf-dist/tex/generic/pgf/math/pgfmathfunctions.integ
erarithmetics.code.tex)))
(/usr/local/texlive/2018/texmf-dist/tex/generic/pgf/math/pgfmathfloat.code.tex
\c@pgfmathroundto@lastzeros=\count341
))
(/usr/local/texlive/2018/texmf-dist/tex/generic/pgf/basiclayer/pgfcorepoints.co
de.tex
File: pgfcorepoints.code.tex 2013/10/07  (rcs-revision 1.27)
\pgf@picminx=\dimen189
\pgf@picmaxx=\dimen190
\pgf@picminy=\dimen191
\pgf@picmaxy=\dimen192
\pgf@pathminx=\dimen193
\pgf@pathmaxx=\dimen194
\pgf@pathminy=\dimen195
\pgf@pathmaxy=\dimen196
\pgf@xx=\dimen197
\pgf@xy=\dimen198
\pgf@yx=\dimen256
\pgf@yy=\dimen257
\pgf@zx=\dimen258
\pgf@zy=\dimen259
)
(/usr/local/texlive/2018/texmf-dist/tex/generic/pgf/basiclayer/pgfcorepathconst
ruct.code.tex
File: pgfcorepathconstruct.code.tex 2013/10/07  (rcs-revision 1.29)
\pgf@path@lastx=\dimen260
\pgf@path@lasty=\dimen261
)
(/usr/local/texlive/2018/texmf-dist/tex/generic/pgf/basiclayer/pgfcorepathusage
.code.tex
File: pgfcorepathusage.code.tex 2014/11/02  (rcs-revision 1.24)
\pgf@shorten@end@additional=\dimen262
\pgf@shorten@start@additional=\dimen263
)
(/usr/local/texlive/2018/texmf-dist/tex/generic/pgf/basiclayer/pgfcorescopes.co
de.tex
File: pgfcorescopes.code.tex 2015/05/08  (rcs-revision 1.46)
\pgfpic=\box50
\pgf@hbox=\box51
\pgf@layerbox@main=\box52
\pgf@picture@serial@count=\count342
)
(/usr/local/texlive/2018/texmf-dist/tex/generic/pgf/basiclayer/pgfcoregraphicst
ate.code.tex
File: pgfcoregraphicstate.code.tex 2014/11/02  (rcs-revision 1.12)
\pgflinewidth=\dimen264
)
(/usr/local/texlive/2018/texmf-dist/tex/generic/pgf/basiclayer/pgfcoretransform
ations.code.tex
File: pgfcoretransformations.code.tex 2015/08/07  (rcs-revision 1.20)
\pgf@pt@x=\dimen265
\pgf@pt@y=\dimen266
\pgf@pt@temp=\dimen267
)
(/usr/local/texlive/2018/texmf-dist/tex/generic/pgf/basiclayer/pgfcorequick.cod
e.tex
File: pgfcorequick.code.tex 2008/10/09  (rcs-revision 1.3)
)
(/usr/local/texlive/2018/texmf-dist/tex/generic/pgf/basiclayer/pgfcoreobjects.c
ode.tex
File: pgfcoreobjects.code.tex 2006/10/11  (rcs-revision 1.2)
)
(/usr/local/texlive/2018/texmf-dist/tex/generic/pgf/basiclayer/pgfcorepathproce
ssing.code.tex
File: pgfcorepathprocessing.code.tex 2013/09/09  (rcs-revision 1.9)
)
(/usr/local/texlive/2018/texmf-dist/tex/generic/pgf/basiclayer/pgfcorearrows.co
de.tex
File: pgfcorearrows.code.tex 2015/05/14  (rcs-revision 1.43)
\pgfarrowsep=\dimen268
)
(/usr/local/texlive/2018/texmf-dist/tex/generic/pgf/basiclayer/pgfcoreshade.cod
e.tex
File: pgfcoreshade.code.tex 2013/07/15  (rcs-revision 1.15)
\pgf@max=\dimen269
\pgf@sys@shading@range@num=\count343
)
(/usr/local/texlive/2018/texmf-dist/tex/generic/pgf/basiclayer/pgfcoreimage.cod
e.tex
File: pgfcoreimage.code.tex 2013/07/15  (rcs-revision 1.18)

(/usr/local/texlive/2018/texmf-dist/tex/generic/pgf/basiclayer/pgfcoreexternal.
code.tex
File: pgfcoreexternal.code.tex 2014/07/09  (rcs-revision 1.21)
\pgfexternal@startupbox=\box53
))
(/usr/local/texlive/2018/texmf-dist/tex/generic/pgf/basiclayer/pgfcorelayers.co
de.tex
File: pgfcorelayers.code.tex 2013/07/18  (rcs-revision 1.7)
)
(/usr/local/texlive/2018/texmf-dist/tex/generic/pgf/basiclayer/pgfcoretranspare
ncy.code.tex
File: pgfcoretransparency.code.tex 2013/09/30  (rcs-revision 1.5)
)
(/usr/local/texlive/2018/texmf-dist/tex/generic/pgf/basiclayer/pgfcorepatterns.
code.tex
File: pgfcorepatterns.code.tex 2013/11/07  (rcs-revision 1.5)
)))
(/usr/local/texlive/2018/texmf-dist/tex/generic/pgf/modules/pgfmoduleshapes.cod
e.tex
File: pgfmoduleshapes.code.tex 2014/03/21  (rcs-revision 1.35)
\pgfnodeparttextbox=\box54
)
(/usr/local/texlive/2018/texmf-dist/tex/generic/pgf/modules/pgfmoduleplot.code.
tex
File: pgfmoduleplot.code.tex 2015/08/03  (rcs-revision 1.13)
)
(/usr/local/texlive/2018/texmf-dist/tex/latex/pgf/compatibility/pgfcomp-version
-0-65.sty
Package: pgfcomp-version-0-65 2007/07/03 v3.0.1a (rcs-revision 1.7)
\pgf@nodesepstart=\dimen270
\pgf@nodesepend=\dimen271
)
(/usr/local/texlive/2018/texmf-dist/tex/latex/pgf/compatibility/pgfcomp-version
-1-18.sty
Package: pgfcomp-version-1-18 2007/07/23 v3.0.1a (rcs-revision 1.1)
))
(/usr/local/texlive/2018/texmf-dist/tex/latex/pgf/utilities/pgffor.sty
(/usr/local/texlive/2018/texmf-dist/tex/latex/pgf/utilities/pgfkeys.sty
(/usr/local/texlive/2018/texmf-dist/tex/generic/pgf/utilities/pgfkeys.code.tex)
) (/usr/local/texlive/2018/texmf-dist/tex/latex/pgf/math/pgfmath.sty
(/usr/local/texlive/2018/texmf-dist/tex/generic/pgf/math/pgfmath.code.tex))
(/usr/local/texlive/2018/texmf-dist/tex/generic/pgf/utilities/pgffor.code.tex
Package: pgffor 2013/12/13 v3.0.1a (rcs-revision 1.25)

(/usr/local/texlive/2018/texmf-dist/tex/generic/pgf/math/pgfmath.code.tex)
\pgffor@iter=\dimen272
\pgffor@skip=\dimen273
\pgffor@stack=\toks48
\pgffor@toks=\toks49
))
(/usr/local/texlive/2018/texmf-dist/tex/generic/pgf/frontendlayer/tikz/tikz.cod
e.tex
Package: tikz 2015/08/07 v3.0.1a (rcs-revision 1.151)

(/usr/local/texlive/2018/texmf-dist/tex/generic/pgf/libraries/pgflibraryplothan
dlers.code.tex
File: pgflibraryplothandlers.code.tex 2013/08/31 v3.0.1a (rcs-revision 1.20)
\pgf@plot@mark@count=\count344
\pgfplotmarksize=\dimen274
)
\tikz@lastx=\dimen275
\tikz@lasty=\dimen276
\tikz@lastxsaved=\dimen277
\tikz@lastysaved=\dimen278
\tikzleveldistance=\dimen279
\tikzsiblingdistance=\dimen280
\tikz@figbox=\box55
\tikz@figbox@bg=\box56
\tikz@tempbox=\box57
\tikz@tempbox@bg=\box58
\tikztreelevel=\count345
\tikznumberofchildren=\count346
\tikznumberofcurrentchild=\count347
\tikz@fig@count=\count348

(/usr/local/texlive/2018/texmf-dist/tex/generic/pgf/modules/pgfmodulematrix.cod
e.tex
File: pgfmodulematrix.code.tex 2013/09/17  (rcs-revision 1.8)
\pgfmatrixcurrentrow=\count349
\pgfmatrixcurrentcolumn=\count350
\pgf@matrix@numberofcolumns=\count351
)
\tikz@expandcount=\count352

(/usr/local/texlive/2018/texmf-dist/tex/generic/pgf/frontendlayer/tikz/librarie
s/tikzlibrarytopaths.code.tex
File: tikzlibrarytopaths.code.tex 2008/06/17 v3.0.1a (rcs-revision 1.2)
)))
(/usr/local/texlive/2018/texmf-dist/tex/generic/pgf/frontendlayer/tikz/librarie
s/tikzlibraryshapes.code.tex
File: tikzlibraryshapes.code.tex 2008/01/09 v3.0.1a (rcs-revision 1.1)

(/usr/local/texlive/2018/texmf-dist/tex/generic/pgf/frontendlayer/tikz/librarie
s/tikzlibraryshapes.geometric.code.tex
File: tikzlibraryshapes.geometric.code.tex 2008/01/09 v3.0.1a (rcs-revision 1.1
)

(/usr/local/texlive/2018/texmf-dist/tex/generic/pgf/libraries/shapes/pgflibrary
shapes.geometric.code.tex
File: pgflibraryshapes.geometric.code.tex 2008/06/26 v3.0.1a (rcs-revision 1.1)

))
(/usr/local/texlive/2018/texmf-dist/tex/generic/pgf/frontendlayer/tikz/librarie
s/tikzlibraryshapes.misc.code.tex
File: tikzlibraryshapes.misc.code.tex 2008/01/09 v3.0.1a (rcs-revision 1.1)

(/usr/local/texlive/2018/texmf-dist/tex/generic/pgf/libraries/shapes/pgflibrary
shapes.misc.code.tex
File: pgflibraryshapes.misc.code.tex 2013/07/18 v3.0.1a (rcs-revision 1.5)
))
(/usr/local/texlive/2018/texmf-dist/tex/generic/pgf/frontendlayer/tikz/librarie
s/tikzlibraryshapes.symbols.code.tex
File: tikzlibraryshapes.symbols.code.tex 2008/01/09 v3.0.1a (rcs-revision 1.1)

(/usr/local/texlive/2018/texmf-dist/tex/generic/pgf/libraries/shapes/pgflibrary
shapes.symbols.code.tex
File: pgflibraryshapes.symbols.code.tex 2013/09/11 v3.0.1a (rcs-revision 1.6)
))
(/usr/local/texlive/2018/texmf-dist/tex/generic/pgf/frontendlayer/tikz/librarie
s/tikzlibraryshapes.arrows.code.tex
File: tikzlibraryshapes.arrows.code.tex 2008/01/09 v3.0.1a (rcs-revision 1.1)

(/usr/local/texlive/2018/texmf-dist/tex/generic/pgf/libraries/shapes/pgflibrary
shapes.arrows.code.tex
File: pgflibraryshapes.arrows.code.tex 2008/06/26 v3.0.1a (rcs-revision 1.1)
))
(/usr/local/texlive/2018/texmf-dist/tex/generic/pgf/frontendlayer/tikz/librarie
s/tikzlibraryshapes.callouts.code.tex
(/usr/local/texlive/2018/texmf-dist/tex/generic/pgf/libraries/shapes/pgflibrary
shapes.callouts.code.tex))
(/usr/local/texlive/2018/texmf-dist/tex/generic/pgf/frontendlayer/tikz/librarie
s/tikzlibraryshapes.multipart.code.tex
File: tikzlibraryshapes.multipart.code.tex 2008/01/09 v3.0.1a (rcs-revision 1.1
)

(/usr/local/texlive/2018/texmf-dist/tex/generic/pgf/libraries/shapes/pgflibrary
shapes.multipart.code.tex
File: pgflibraryshapes.multipart.code.tex 2010/01/07 v3.0.1a (rcs-revision 1.2)

\pgfnodepartlowerbox=\box59
\pgfnodeparttwobox=\box60
\pgfnodepartthreebox=\box61
\pgfnodepartfourbox=\box62
\pgfnodeparttwentybox=\box63
\pgfnodepartnineteenbox=\box64
\pgfnodeparteighteenbox=\box65
\pgfnodepartseventeenbox=\box66
\pgfnodepartsixteenbox=\box67
\pgfnodepartfifteenbox=\box68
\pgfnodepartfourteenbox=\box69
\pgfnodepartthirteenbox=\box70
\pgfnodeparttwelvebox=\box71
\pgfnodepartelevenbox=\box72
\pgfnodeparttenbox=\box73
\pgfnodepartninebox=\box74
\pgfnodeparteightbox=\box75
\pgfnodepartsevenbox=\box76
\pgfnodepartsixbox=\box77
\pgfnodepartfivebox=\box78
)))
(/usr/local/texlive/2018/texmf-dist/tex/generic/pgf/frontendlayer/tikz/librarie
s/tikzlibraryarrows.code.tex
File: tikzlibraryarrows.code.tex 2008/01/09 v3.0.1a (rcs-revision 1.1)

(/usr/local/texlive/2018/texmf-dist/tex/generic/pgf/libraries/pgflibraryarrows.
code.tex
File: pgflibraryarrows.code.tex 2013/09/23 v3.0.1a (rcs-revision 1.16)
\arrowsize=\dimen281
))
(/usr/local/texlive/2018/texmf-dist/tex/generic/pgf/frontendlayer/tikz/librarie
s/tikzlibraryshadows.code.tex
File: tikzlibraryshadows.code.tex 2008/01/13 v3.0.1a (rcs-revision 1.3)

(/usr/local/texlive/2018/texmf-dist/tex/generic/pgf/frontendlayer/tikz/librarie
s/tikzlibraryfadings.code.tex
File: tikzlibraryfadings.code.tex 2009/11/15 v3.0.1a (rcs-revision 1.2)

(/usr/local/texlive/2018/texmf-dist/tex/generic/pgf/libraries/pgflibraryfadings
.code.tex
File: pgflibraryfadings.code.tex 2008/02/07 v3.0.1a (rcs-revision 1.3)
)))
(/usr/local/texlive/2018/texmf-dist/tex/latex/pgf-umlsd/pgf-umlsd.sty
Package: pgf-umlsd 2011/07/27 v0.6 Some LaTeX macros for UML Sequence Diagrams.

\c@preinst=\count353
\c@instnum=\count354
\c@threadnum=\count355
\c@seqlevel=\count356
\c@callevel=\count357
\c@callselflevel=\count358
\c@blocklevel=\count359
)
(/usr/local/texlive/2018/texmf-dist/tex/latex/todonotes/todonotes.sty
Package: todonotes 2015/07/09 .dtx Todonotes source and documentation.
Package: todonotes 2012/07/25

(/usr/local/texlive/2018/texmf-dist/tex/generic/pgf/frontendlayer/tikz/librarie
s/tikzlibrarypositioning.code.tex
File: tikzlibrarypositioning.code.tex 2008/10/06 v3.0.1a (rcs-revision 1.7)
)
\c@@todonotes@numberoftodonotes=\count360
)
Package csquotes Info: Checking for multilingual support...
Package csquotes Info: ... found 'babel' package.
Package csquotes Info: Adjusting default style.
Package csquotes Info: Redefining alias 'default' -> 'english'.
Package biblatex Info: Trying to load language 'english'...
Package biblatex Info: ... file 'english.lbx' found.

(/usr/local/texlive/2018/texmf-dist/tex/latex/biblatex/lbx/english.lbx
File: english.lbx 2018/03/04 v3.11 biblatex localization (PK/MW)
)
Package biblatex Info: Trying to load language 'ngerman'...
Package biblatex Info: ... file 'ngerman.lbx' found.

(/usr/local/texlive/2018/texmf-dist/tex/latex/biblatex/lbx/ngerman.lbx
File: ngerman.lbx 2018/03/04 v3.11 biblatex localization (PK/MW)
Package biblatex Info: Trying to load language 'german'...
Package biblatex Info: ... file 'german.lbx' found.

(/usr/local/texlive/2018/texmf-dist/tex/latex/biblatex/lbx/german.lbx
File: german.lbx 2018/03/04 v3.11 biblatex localization (PK/MW)
)
Package biblatex Info: Trying to load language 'german'...
Package biblatex Info: ... file 'german.lbx' found.

(/usr/local/texlive/2018/texmf-dist/tex/latex/biblatex/lbx/german.lbx
File: german.lbx 2018/03/04 v3.11 biblatex localization (PK/MW)
))
(./report_nosec.aux (./content_nosec.aux))
\openout1 = `report_nosec.aux'.

LaTeX Font Info:    Checking defaults for OML/cmm/m/it on input line 249.
LaTeX Font Info:    ... okay on input line 249.
LaTeX Font Info:    Checking defaults for T1/cmr/m/n on input line 249.
LaTeX Font Info:    ... okay on input line 249.
LaTeX Font Info:    Checking defaults for OT1/cmr/m/n on input line 249.
LaTeX Font Info:    ... okay on input line 249.
LaTeX Font Info:    Checking defaults for OMS/cmsy/m/n on input line 249.
LaTeX Font Info:    ... okay on input line 249.
LaTeX Font Info:    Checking defaults for OMX/cmex/m/n on input line 249.
LaTeX Font Info:    ... okay on input line 249.
LaTeX Font Info:    Checking defaults for U/cmr/m/n on input line 249.
LaTeX Font Info:    ... okay on input line 249.
LaTeX Font Info:    Checking defaults for PD1/pdf/m/n on input line 249.
LaTeX Font Info:    ... okay on input line 249.

*geometry* driver: auto-detecting
*geometry* detected driver: pdftex
*geometry* verbose mode - [ preamble ] result:
* driver: pdftex
* paper: letterpaper
* layout: <same size as paper>
* layoutoffset:(h,v)=(0.0pt,0.0pt)
* modes: 
* h-part:(L,W,R)=(36.135pt, 542.02501pt, 36.135pt)
* v-part:(T,H,B)=(36.135pt, 722.7pt, 36.135pt)
* \paperwidth=614.295pt
* \paperheight=794.96999pt
* \textwidth=542.02501pt
* \textheight=722.7pt
* \oddsidemargin=-36.135pt
* \evensidemargin=-36.135pt
* \topmargin=-73.135pt
* \headheight=12.0pt
* \headsep=25.0pt
* \topskip=11.0pt
* \footskip=30.0pt
* \marginparwidth=85.35826pt
* \marginparsep=10.0pt
* \columnsep=10.0pt
* \skip\footins=10.0pt plus 4.0pt minus 2.0pt
* \hoffset=0.0pt
* \voffset=0.0pt
* \mag=1000
* \@twocolumnfalse
* \@twosidefalse
* \@mparswitchfalse
* \@reversemargintrue
* (1in=72.27pt=25.4mm, 1cm=28.453pt)

\AtBeginShipoutBox=\box79
(/usr/local/texlive/2018/texmf-dist/tex/context/base/mkii/supp-pdf.mkii
[Loading MPS to PDF converter (version 2006.09.02).]
\scratchcounter=\count361
\scratchdimen=\dimen282
\scratchbox=\box80
\nofMPsegments=\count362
\nofMParguments=\count363
\everyMPshowfont=\toks50
\MPscratchCnt=\count364
\MPscratchDim=\dimen283
\MPnumerator=\count365
\makeMPintoPDFobject=\count366
\everyMPtoPDFconversion=\toks51
) (/usr/local/texlive/2018/texmf-dist/tex/latex/oberdiek/epstopdf-base.sty
Package: epstopdf-base 2016/05/15 v2.6 Base part for package epstopdf

(/usr/local/texlive/2018/texmf-dist/tex/latex/oberdiek/grfext.sty
Package: grfext 2016/05/16 v1.2 Manage graphics extensions (HO)
)
Package epstopdf-base Info: Redefining graphics rule for `.eps' on input line 4
38.
Package grfext Info: Graphics extension search list:
(grfext)             [.pdf,.png,.jpg,.mps,.jpeg,.jbig2,.jb2,.PDF,.PNG,.JPG,.JPE
G,.JBIG2,.JB2,.eps]
(grfext)             \AppendGraphicsExtensions on input line 456.

(/usr/local/texlive/2018/texmf-dist/tex/latex/latexconfig/epstopdf-sys.cfg
File: epstopdf-sys.cfg 2010/07/13 v1.3 Configuration of (r)epstopdf for TeX Liv
e
))
(/usr/local/texlive/2018/texmf-dist/tex/latex/oberdiek/pdflscape.sty
Package: pdflscape 2016/05/14 v0.11 Display of landscape pages in PDF (HO)

(/usr/local/texlive/2018/texmf-dist/tex/latex/graphics/lscape.sty
Package: lscape 2000/10/22 v3.01 Landscape Pages (DPC)
)
Package pdflscape Info: Auto-detected driver: pdftex on input line 81.
)
Package caption Info: Begin \AtBeginDocument code.
Package caption Info: floatrow package is loaded.
Package caption Info: hyperref package is loaded.
Package caption Info: listings package is loaded.
Package caption Info: End \AtBeginDocument code.
Package biblatex Info: Input encoding 'utf8' detected.
Package biblatex Info: Automatic encoding selection.
(biblatex)             Assuming data encoding 'utf8'.
Package biblatex Info: Input encoding 'utf8' specified.
Package biblatex Info: Data encoding 'utf8' specified.
(biblatex)             No need to reencode data.
\openout4 = `report_nosec-blx.bib'.

Package biblatex Info: Trying to load bibliographic data...
Package biblatex Info: ... file 'report_nosec.bbl' not found.

No file report_nosec.bbl.
Package biblatex Info: Reference section=0 on input line 249.
Package biblatex Info: Reference segment=0 on input line 249.
Package hyperref Info: Link coloring OFF on input line 249.
(/usr/local/texlive/2018/texmf-dist/tex/latex/hyperref/nameref.sty
Package: nameref 2016/05/21 v2.44 Cross-referencing by name of section

(/usr/local/texlive/2018/texmf-dist/tex/generic/oberdiek/gettitlestring.sty
Package: gettitlestring 2016/05/16 v1.5 Cleanup title references (HO)
)
\c@section@level=\count367
)
LaTeX Info: Redefining \ref on input line 249.
LaTeX Info: Redefining \pageref on input line 249.
LaTeX Info: Redefining \nameref on input line 249.

(./report_nosec.out) (./report_nosec.out)
\@outlinefile=\write6
\openout6 = `report_nosec.out'.

\c@lstlisting=\count368

ABD: EveryShipout initializing macros
</Users/kyleslugg/Documents/NYCHA/Production/IMAGES/coverpage/073_cover.jpg, id
=79, 1593.955pt x 2065.7175pt>
File: /Users/kyleslugg/Documents/NYCHA/Production/IMAGES/coverpage/073_cover.jp
g Graphic file (type jpg)
<use /Users/kyleslugg/Documents/NYCHA/Production/IMAGES/coverpage/073_cover.jpg
>
Package pdftex.def Info: /Users/kyleslugg/Documents/NYCHA/Production/IMAGES/cov
erpage/073_cover.jpg  used on input line 269.
(pdftex.def)             Requested size: 1593.95113pt x 2065.71248pt.
File: /Users/kyleslugg/Documents/NYCHA/Production/IMAGES/coverpage/073_cover.jp
g Graphic file (type jpg)
<use /Users/kyleslugg/Documents/NYCHA/Production/IMAGES/coverpage/073_cover.jpg
>
Package pdftex.def Info: /Users/kyleslugg/Documents/NYCHA/Production/IMAGES/cov
erpage/073_cover.jpg  used on input line 269.
(pdftex.def)             Requested size: 1593.95113pt x 2065.71248pt.
File: /Users/kyleslugg/Documents/NYCHA/Production/IMAGES/coverpage/073_cover.jp
g Graphic file (type jpg)
<use /Users/kyleslugg/Documents/NYCHA/Production/IMAGES/coverpage/073_cover.jpg
>
Package pdftex.def Info: /Users/kyleslugg/Documents/NYCHA/Production/IMAGES/cov
erpage/073_cover.jpg  used on input line 269.
(pdftex.def)             Requested size: 1593.95113pt x 2065.71248pt.
File: /Users/kyleslugg/Documents/NYCHA/Production/IMAGES/coverpage/073_cover.jp
g Graphic file (type jpg)
<use /Users/kyleslugg/Documents/NYCHA/Production/IMAGES/coverpage/073_cover.jpg
>
Package pdftex.def Info: /Users/kyleslugg/Documents/NYCHA/Production/IMAGES/cov
erpage/073_cover.jpg  used on input line 269.
(pdftex.def)             Requested size: 613.61377pt x 795.22491pt.
File: /Users/kyleslugg/Documents/NYCHA/Production/IMAGES/coverpage/073_cover.jp
g Graphic file (type jpg)
<use /Users/kyleslugg/Documents/NYCHA/Production/IMAGES/coverpage/073_cover.jpg
>
Package pdftex.def Info: /Users/kyleslugg/Documents/NYCHA/Production/IMAGES/cov
erpage/073_cover.jpg  used on input line 269.
(pdftex.def)             Requested size: 613.61377pt x 795.22491pt.
File: /Users/kyleslugg/Documents/NYCHA/Production/IMAGES/coverpage/073_cover.jp
g Graphic file (type jpg)
<use /Users/kyleslugg/Documents/NYCHA/Production/IMAGES/coverpage/073_cover.jpg
>
Package pdftex.def Info: /Users/kyleslugg/Documents/NYCHA/Production/IMAGES/cov
erpage/073_cover.jpg  used on input line 269.
(pdftex.def)             Requested size: 613.61377pt x 795.22491pt.
File: /Users/kyleslugg/Documents/NYCHA/Production/IMAGES/coverpage/073_cover.jp
g Graphic file (type jpg)
<use /Users/kyleslugg/Documents/NYCHA/Production/IMAGES/coverpage/073_cover.jpg
>
Package pdftex.def Info: /Users/kyleslugg/Documents/NYCHA/Production/IMAGES/cov
erpage/073_cover.jpg  used on input line 269.
(pdftex.def)             Requested size: 613.61377pt x 795.22491pt.
 [1

 </Users/kyleslugg/Documents/NYCHA/Production/IMAGES/coverpage/073_cover.jpg>]
(/Users/kyleslugg/Documents/NYCHA/Production/TEXT/preface_text/073_preface.tex
Chapter 1.
LaTeX Font Info:    Try loading font information for OT1+phv on input line 1.
(/usr/local/texlive/2018/texmf-dist/tex/latex/psnfss/ot1phv.fd
File: ot1phv.fd 2001/06/04 scalable font definitions for OT1/phv.
)
LaTeX Font Info:    Font shape `OT1/phv/bx/n' in size <24.88> not available
(Font)              Font shape `OT1/phv/b/n' tried instead on input line 1.
LaTeX Font Info:    Font shape `OT1/phv/bx/n' in size <14.4> not available
(Font)              Font shape `OT1/phv/b/n' tried instead on input line 3.
pdfTeX warning (ext4): destination with the same identifier (name{page.I}) has 
been already used, duplicate ignored
<to be read again> 
                   \relax 
l.4     \clearpage
                   [1

{/usr/local/texlive/2018/texmf-var/fonts/map/pdftex/updmap/pdftex.map}]) [1

]
\openout2 = `content_nosec.aux'.

 (./content_nosec.tex
LaTeX Font Info:    Font shape `OT1/phv/bx/n' in size <10.95> not available
(Font)              Font shape `OT1/phv/b/n' tried instead on input line 2.
LaTeX Font Info:    Font shape `OT1/phv/bx/n' in size <20.74> not available
(Font)              Font shape `OT1/phv/b/n' tried instead on input line 2.

(/Users/kyleslugg/Documents/NYCHA/Production/TEXT/glossary.tex
LaTeX Font Info:    Font shape `OT1/phv/m/it' in size <10> not available
(Font)              Font shape `OT1/phv/m/sl' tried instead on input line 25.
)
\GPT@outputbox=\box81


Package Fancyhdr Warning: \fancyfoot's `E' option without twoside option is use
less on input line 9.


(/Users/kyleslugg/Documents/NYCHA/Production/TABLES/overview_table/073_overview
_table.tex
LaTeX Font Info:    External font `cmex10' loaded for size
(Font)              <7> on input line 9.
LaTeX Font Info:    External font `cmex10' loaded for size
(Font)              <5> on input line 9.
)
(/Users/kyleslugg/Documents/NYCHA/Production/TABLES/typology_table/073_typology
.tex
LaTeX Font Info:    External font `cmex10' loaded for size
(Font)              <10.95> on input line 6.
LaTeX Font Info:    External font `cmex10' loaded for size
(Font)              <8> on input line 6.
LaTeX Font Info:    External font `cmex10' loaded for size
(Font)              <6> on input line 6.

Underfull \hbox (badness 3250) in paragraph at lines 6--6
[]|\OT1/phv/b/n/10.95 303 Ver-non Av-
 []

</Users/kyleslugg/Documents/NYCHA/Production/IMAGES/typology_towerpark.png, id=
100, 677.53125pt x 655.44875pt>
File: /Users/kyleslugg/Documents/NYCHA/Production/IMAGES/typology_towerpark.png
 Graphic file (type png)
<use /Users/kyleslugg/Documents/NYCHA/Production/IMAGES/typology_towerpark.png>

Package pdftex.def Info: /Users/kyleslugg/Documents/NYCHA/Production/IMAGES/typ
ology_towerpark.png  used on input line 6.
(pdftex.def)             Requested size: 112.05663pt x 108.405pt.

Overfull \hbox (3.65163pt too wide) in paragraph at lines 6--6
[]|[]| 
 []


Underfull \hbox (badness 10000) in paragraph at lines 6--6
[]|\OT1/phv/b/n/10.95 Bedford-
 []


Underfull \hbox (badness 10000) in paragraph at lines 6--6
\OT1/phv/b/n/10.95 Stuyvesant
 []


Underfull \hbox (badness 1028) in paragraph at lines 6--6
\OT1/phv/b/n/10.95 Re-hab: \OT1/phv/m/n/10.95 Walkups
 []

</Users/kyleslugg/Documents/NYCHA/Production/IMAGES/typology_prewar.png, id=102
, 807.015pt x 707.64375pt>
File: /Users/kyleslugg/Documents/NYCHA/Production/IMAGES/typology_prewar.png Gr
aphic file (type png)
<use /Users/kyleslugg/Documents/NYCHA/Production/IMAGES/typology_prewar.png>
Package pdftex.def Info: /Users/kyleslugg/Documents/NYCHA/Production/IMAGES/typ
ology_prewar.png  used on input line 6.
(pdftex.def)             Requested size: 123.62065pt x 108.405pt.

Overfull \hbox (15.21565pt too wide) in paragraph at lines 6--6
[]|[]| 
 []

File: /Users/kyleslugg/Documents/NYCHA/Production/IMAGES/typology_towerpark.png
 Graphic file (type png)
<use /Users/kyleslugg/Documents/NYCHA/Production/IMAGES/typology_towerpark.png>

Package pdftex.def Info: /Users/kyleslugg/Documents/NYCHA/Production/IMAGES/typ
ology_towerpark.png  used on input line 6.
(pdftex.def)             Requested size: 112.05663pt x 108.405pt.

Overfull \hbox (3.65163pt too wide) in paragraph at lines 6--6
[]|[]| 
 []

)
Overfull \hbox (12.08798pt too wide) in paragraph at lines 25--26
[][][][][][][] 
 []

[2

] [3 </Users/kyleslugg/Documents/NYCHA/Production/IMAGES/typology_towerpark.png
> </Users/kyleslugg/Documents/NYCHA/Production/IMAGES/typology_prewar.png>]

Package Fancyhdr Warning: \fancyfoot's `E' option without twoside option is use
less on input line 33.


Package Fancyhdr Warning: \fancyhead's `E' option without twoside option is use
less on input line 34.


(/Users/kyleslugg/Documents/NYCHA/Production/TEXT/overview_text/073_overview.te
x)

Package Fancyhdr Warning: \fancyfoot's `E' option without twoside option is use
less on input line 71.


Package Fancyhdr Warning: \fancyhead's `E' option without twoside option is use
less on input line 72.

LaTeX Font Info:    Font shape `OT1/phv/m/it' in size <9> not available
(Font)              Font shape `OT1/phv/m/sl' tried instead on input line 73.
[4]
*geometry* verbose mode - [ newgeometry ] result:
* driver: pdftex
* paper: letterpaper
* layout: <same size as paper>
* layoutoffset:(h,v)=(0.0pt,0.0pt)
* modes: 
* h-part:(L,W,R)=(0.0pt, 614.295pt, 0.0pt)
* v-part:(T,H,B)=(0.0pt, 794.96999pt, 0.0pt)
* \paperwidth=614.295pt
* \paperheight=794.96999pt
* \textwidth=614.295pt
* \textheight=794.96999pt
* \oddsidemargin=-72.26999pt
* \evensidemargin=-72.26999pt
* \topmargin=-109.26999pt
* \headheight=12.0pt
* \headsep=25.0pt
* \topskip=11.0pt
* \footskip=30.0pt
* \marginparwidth=85.35826pt
* \marginparsep=10.0pt
* \columnsep=10.0pt
* \skip\footins=10.0pt plus 4.0pt minus 2.0pt
* \hoffset=0.0pt
* \voffset=0.0pt
* \mag=1000
* \@twocolumnfalse
* \@twosidefalse
* \@mparswitchfalse
* \@reversemarginfalse
* (1in=72.27pt=25.4mm, 1cm=28.453pt)

</Users/kyleslugg/Documents/NYCHA/Production/MAPS/context_maps/073_context_1.pn
g, id=120, 1760.5775pt x 2489.3pt>
File: /Users/kyleslugg/Documents/NYCHA/Production/MAPS/context_maps/073_context
_1.png Graphic file (type png)
<use /Users/kyleslugg/Documents/NYCHA/Production/MAPS/context_maps/073_context_
1.png>
Package pdftex.def Info: /Users/kyleslugg/Documents/NYCHA/Production/MAPS/conte
xt_maps/073_context_1.png  used on input line 73.
(pdftex.def)             Requested size: 562.24115pt x 794.96999pt.


Package Fancyhdr Warning: \headheight is too small (12.0pt): 
 Make it at least 13.59999pt.
 We now make it that large for the rest of the document.
 This may cause the page layout to be inconsistent, however.

[5

 </Users/kyleslugg/Documents/NYCHA/Production/MAPS/context_maps/073_context_1.p
ng>]
</Users/kyleslugg/Documents/NYCHA/Production/MAPS/context_maps/073_context_2.pn
g, id=128, 1759.57375pt x 2489.3pt>
File: /Users/kyleslugg/Documents/NYCHA/Production/MAPS/context_maps/073_context
_2.png Graphic file (type png)
<use /Users/kyleslugg/Documents/NYCHA/Production/MAPS/context_maps/073_context_
2.png>
Package pdftex.def Info: /Users/kyleslugg/Documents/NYCHA/Production/MAPS/conte
xt_maps/073_context_2.png  used on input line 73.
(pdftex.def)             Requested size: 561.92061pt x 794.96999pt.


Package Fancyhdr Warning: \headheight is too small (12.0pt): 
 Make it at least 13.59999pt.
 We now make it that large for the rest of the document.
 This may cause the page layout to be inconsistent, however.

[6

 </Users/kyleslugg/Documents/NYCHA/Production/MAPS/context_maps/073_context_2.p
ng>]
(/Users/kyleslugg/Documents/NYCHA/Production/TABLES/waste_services/073_waste_se
rvices.tex
Underfull \hbox (badness 1558) in paragraph at lines 11--11
[]|  
 []


Underfull \hbox (badness 3291) in paragraph at lines 11--11
[]|\OT1/phv/m/n/10 1 ex-te-rior com-pactor in 1
 []


Underfull \hbox (badness 1478) in paragraph at lines 11--11
[]|\OT1/phv/m/n/10 3 ex-te-rior com-pactors in 3
 []


Underfull \hbox (badness 4752) in paragraph at lines 11--11
\OT1/phv/m/n/10 Trans-ferred to Sum-ner for
 []


Underfull \hbox (badness 4752) in paragraph at lines 11--11
[]|\OT1/phv/m/n/10 Transferred to Sum-ner for
 []

) [7

]
</Users/kyleslugg/Documents/NYCHA/Production/MAPS/asset_maps/073_asset_map.png,
 id=140, 614.295pt x 794.97pt>
File: /Users/kyleslugg/Documents/NYCHA/Production/MAPS/asset_maps/073_asset_map
.png Graphic file (type png)
<use /Users/kyleslugg/Documents/NYCHA/Production/MAPS/asset_maps/073_asset_map.
png>
Package pdftex.def Info: /Users/kyleslugg/Documents/NYCHA/Production/MAPS/asset
_maps/073_asset_map.png  used on input line 92.
(pdftex.def)             Requested size: 514.9221pt x 666.41167pt.
 [8 </Users/kyleslugg/Documents/NYCHA/Production/MAPS/asset_maps/073_asset_map.
png>]
(/Users/kyleslugg/Documents/NYCHA/Production/TABLES/waste_assets/073_waste_asse
ts.tex
Underfull \hbox (badness 1558) in paragraph at lines 4--4
[]|  
 []


Package varwidth Warning: Failed to reprocess entire contents on input line 4.


Package varwidth Warning: Failed to reprocess entire contents on input line 4.


Package varwidth Warning: Failed to reprocess entire contents on input line 4.


Package varwidth Warning: Failed to reprocess entire contents on input line 4.


Package varwidth Warning: Failed to reprocess entire contents on input line 4.


Package varwidth Warning: Failed to reprocess entire contents on input line 4.


Package varwidth Warning: Failed to reprocess entire contents on input line 4.


Package varwidth Warning: Failed to reprocess entire contents on input line 4.


Package varwidth Warning: Failed to reprocess entire contents on input line 4.


Package varwidth Warning: Failed to reprocess entire contents on input line 4.


Package varwidth Warning: Failed to reprocess entire contents on input line 4.


Package varwidth Warning: Failed to reprocess entire contents on input line 4.


Package varwidth Warning: Failed to reprocess entire contents on input line 5.


Package varwidth Warning: Failed to reprocess entire contents on input line 5.


Underfull \hbox (badness 1259) in paragraph at lines 5--5
[]\OT1/phv/m/n/10 0|  
 []


Underfull \hbox (badness 1259) in paragraph at lines 5--5
[]\OT1/phv/m/n/10 0|  
 []


Underfull \hbox (badness 1259) in paragraph at lines 5--5
[]\OT1/phv/m/n/10 0|  
 []


Underfull \hbox (badness 1259) in paragraph at lines 5--5
[]\OT1/phv/m/n/10 0|  
 []


Package varwidth Warning: Failed to reprocess entire contents on input line 6.


Package varwidth Warning: Failed to reprocess entire contents on input line 6.


Underfull \hbox (badness 1259) in paragraph at lines 6--6
[]\OT1/phv/m/n/10 0|  
 []


Underfull \hbox (badness 1259) in paragraph at lines 6--6
[]\OT1/phv/m/n/10 0|  
 []


Underfull \hbox (badness 1259) in paragraph at lines 6--6
[]\OT1/phv/m/n/10 0|  
 []


Underfull \hbox (badness 1259) in paragraph at lines 6--6
[]\OT1/phv/m/n/10 0|  
 []


Underfull \hbox (badness 1259) in paragraph at lines 6--6
[]\OT1/phv/m/n/10 0|  
 []


Package varwidth Warning: Failed to reprocess entire contents on input line 7.


Package varwidth Warning: Failed to reprocess entire contents on input line 7.


Underfull \hbox (badness 1259) in paragraph at lines 7--7
[]\OT1/phv/m/n/10 2|  
 []


Underfull \hbox (badness 1259) in paragraph at lines 7--7
[]\OT1/phv/m/n/10 0|  
 []


Underfull \hbox (badness 1259) in paragraph at lines 7--7
[]\OT1/phv/m/n/10 0|  
 []


Underfull \hbox (badness 1259) in paragraph at lines 7--7
[]\OT1/phv/m/n/10 8|  
 []

)
Overfull \hbox (28.74078pt too wide) in paragraph at lines 100--108
 [] 
 []


(/Users/kyleslugg/Documents/NYCHA/Production/TABLES/consolidation_assets/073_co
nsolidation_assets.tex
</Users/kyleslugg/Documents/NYCHA/Production/IMAGES/truck.png, id=147, 385.44pt
 x 385.44pt>
File: /Users/kyleslugg/Documents/NYCHA/Production/IMAGES/truck.png Graphic file
 (type png)
<use /Users/kyleslugg/Documents/NYCHA/Production/IMAGES/truck.png>
Package pdftex.def Info: /Users/kyleslugg/Documents/NYCHA/Production/IMAGES/tru
ck.png  used on input line 3.
(pdftex.def)             Requested size: 81.30043pt x 81.29767pt.
</Users/kyleslugg/Documents/NYCHA/Production/IMAGES/bobcat.png, id=148, 411.136
pt x 411.136pt>
File: /Users/kyleslugg/Documents/NYCHA/Production/IMAGES/bobcat.png Graphic fil
e (type png)
<use /Users/kyleslugg/Documents/NYCHA/Production/IMAGES/bobcat.png>
Package pdftex.def Info: /Users/kyleslugg/Documents/NYCHA/Production/IMAGES/bob
cat.png  used on input line 3.
(pdftex.def)             Requested size: 81.30043pt x 81.29727pt.
</Users/kyleslugg/Documents/NYCHA/Production/IMAGES/tractor.png, id=149, 385.44
pt x 385.44pt>
File: /Users/kyleslugg/Documents/NYCHA/Production/IMAGES/tractor.png Graphic fi
le (type png)
<use /Users/kyleslugg/Documents/NYCHA/Production/IMAGES/tractor.png>
Package pdftex.def Info: /Users/kyleslugg/Documents/NYCHA/Production/IMAGES/tra
ctor.png  used on input line 3.
(pdftex.def)             Requested size: 81.30043pt x 81.29767pt.
</Users/kyleslugg/Documents/NYCHA/Production/IMAGES/road-sweeper.png, id=150, 4
11.136pt x 411.136pt>
File: /Users/kyleslugg/Documents/NYCHA/Production/IMAGES/road-sweeper.png Graph
ic file (type png)
<use /Users/kyleslugg/Documents/NYCHA/Production/IMAGES/road-sweeper.png>
Package pdftex.def Info: /Users/kyleslugg/Documents/NYCHA/Production/IMAGES/roa
d-sweeper.png  used on input line 3.
(pdftex.def)             Requested size: 81.30043pt x 81.29727pt.
)
Overfull \hbox (47.99995pt too wide) in paragraph at lines 1--114
 [][] 
 []

[9 </Users/kyleslugg/Documents/NYCHA/Production/IMAGES/truck.png> </Users/kyles
lugg/Documents/NYCHA/Production/IMAGES/bobcat.png> </Users/kyleslugg/Documents/
NYCHA/Production/IMAGES/tractor.png> </Users/kyleslugg/Documents/NYCHA/Producti
on/IMAGES/road-sweeper.png>]
(/Users/kyleslugg/Documents/NYCHA/Production/TEXT/waste_distribution_top/073_wd
_top.tex)
(/Users/kyleslugg/Documents/NYCHA/Production/TABLES/waste_distribution_table/07
3_wd_table.tex
LaTeX Font Info:    Font shape `OT1/phv/bx/n' in size <10> not available
(Font)              Font shape `OT1/phv/b/n' tried instead on input line 1.

Underfull \hbox (badness 1558) in paragraph at lines 11--11
[]|  
 []


Package varwidth Warning: Failed to reprocess entire contents on input line 11.



Package varwidth Warning: Failed to reprocess entire contents on input line 11.



Package varwidth Warning: Failed to reprocess entire contents on input line 11.



Package varwidth Warning: Failed to reprocess entire contents on input line 11.



Package varwidth Warning: Failed to reprocess entire contents on input line 11.



Package varwidth Warning: Failed to reprocess entire contents on input line 11.



Package varwidth Warning: Failed to reprocess entire contents on input line 11.



Package varwidth Warning: Failed to reprocess entire contents on input line 11.



Underfull \hbox (badness 1558) in paragraph at lines 19--19
[]|  
 []


Package varwidth Warning: Failed to reprocess entire contents on input line 19.



Package varwidth Warning: Failed to reprocess entire contents on input line 19.



Package varwidth Warning: Failed to reprocess entire contents on input line 19.



Package varwidth Warning: Failed to reprocess entire contents on input line 19.



Package varwidth Warning: Failed to reprocess entire contents on input line 19.



Package varwidth Warning: Failed to reprocess entire contents on input line 19.



Package varwidth Warning: Failed to reprocess entire contents on input line 19.



Package varwidth Warning: Failed to reprocess entire contents on input line 19.


)
(/Users/kyleslugg/Documents/NYCHA/Production/TEXT/waste_distribution_bottom/073
_wd_bottom.tex) [10]
(/Users/kyleslugg/Documents/NYCHA/Production/TABLES/capital_projects_table/073_
capital_projects.tex
Underfull \hbox (badness 10000) in paragraph at lines 17--17
[]|\OT1/phv/m/n/10.95 Bedford-Stuyvesant Re-
 []

) [11]
(/Users/kyleslugg/Documents/NYCHA/Production/WORK_ORDER_ANALYSIS/image_layouts/
073_layout.tex
</Users/kyleslugg/Documents/NYCHA/Production/WORK_ORDER_ANALYSIS/Consolidation_
BarCharts/png/73_Sumner_WorkOrder_Category_BarChart.png, id=174, 433.62pt x 289
.08pt>
File: /Users/kyleslugg/Documents/NYCHA/Production/WORK_ORDER_ANALYSIS/Consolida
tion_BarCharts/png/73_Sumner_WorkOrder_Category_BarChart.png Graphic file (type
 png)
<use /Users/kyleslugg/Documents/NYCHA/Production/WORK_ORDER_ANALYSIS/Consolidat
ion_BarCharts/png/73_Sumner_WorkOrder_Category_BarChart.png>
Package pdftex.def Info: /Users/kyleslugg/Documents/NYCHA/Production/WORK_ORDER
_ANALYSIS/Consolidation_BarCharts/png/73_Sumner_WorkOrder_Category_BarChart.png
  used on input line 7.
(pdftex.def)             Requested size: 325.2183pt x 216.8227pt.
</Users/kyleslugg/Documents/NYCHA/Production/WORK_ORDER_ANALYSIS/Development_Ba
rCharts/png/156_303-VERNON-AVENUE_WorkOrder_Category_BarChart.png, id=175, 433.
62pt x 289.08pt>
File: /Users/kyleslugg/Documents/NYCHA/Production/WORK_ORDER_ANALYSIS/Developme
nt_BarCharts/png/156_303-VERNON-AVENUE_WorkOrder_Category_BarChart.png Graphic 
file (type png)
<use /Users/kyleslugg/Documents/NYCHA/Production/WORK_ORDER_ANALYSIS/Developmen
t_BarCharts/png/156_303-VERNON-AVENUE_WorkOrder_Category_BarChart.png>
Package pdftex.def Info: /Users/kyleslugg/Documents/NYCHA/Production/WORK_ORDER
_ANALYSIS/Development_BarCharts/png/156_303-VERNON-AVENUE_WorkOrder_Category_Ba
rChart.png  used on input line 8.
(pdftex.def)             Requested size: 243.90959pt x 162.60709pt.
</Users/kyleslugg/Documents/NYCHA/Production/WORK_ORDER_ANALYSIS/Development_Ba
rCharts/png/311_BEDFORD-STUYVESANT-REHAB_WorkOrder_Category_BarChart.png, id=17
6, 433.62pt x 289.08pt>
File: /Users/kyleslugg/Documents/NYCHA/Production/WORK_ORDER_ANALYSIS/Developme
nt_BarCharts/png/311_BEDFORD-STUYVESANT-REHAB_WorkOrder_Category_BarChart.png G
raphic file (type png)
<use /Users/kyleslugg/Documents/NYCHA/Production/WORK_ORDER_ANALYSIS/Developmen
t_BarCharts/png/311_BEDFORD-STUYVESANT-REHAB_WorkOrder_Category_BarChart.png>
Package pdftex.def Info: /Users/kyleslugg/Documents/NYCHA/Production/WORK_ORDER
_ANALYSIS/Development_BarCharts/png/311_BEDFORD-STUYVESANT-REHAB_WorkOrder_Cate
gory_BarChart.png  used on input line 8.
(pdftex.def)             Requested size: 243.90959pt x 162.60709pt.
</Users/kyleslugg/Documents/NYCHA/Production/WORK_ORDER_ANALYSIS/Development_Ba
rCharts/png/73_SUMNER_WorkOrder_Category_BarChart.png, id=177, 433.62pt x 289.0
8pt>
File: /Users/kyleslugg/Documents/NYCHA/Production/WORK_ORDER_ANALYSIS/Developme
nt_BarCharts/png/73_SUMNER_WorkOrder_Category_BarChart.png Graphic file (type p
ng)
<use /Users/kyleslugg/Documents/NYCHA/Production/WORK_ORDER_ANALYSIS/Developmen
t_BarCharts/png/73_SUMNER_WorkOrder_Category_BarChart.png>
Package pdftex.def Info: /Users/kyleslugg/Documents/NYCHA/Production/WORK_ORDER
_ANALYSIS/Development_BarCharts/png/73_SUMNER_WorkOrder_Category_BarChart.png  
used on input line 9.
(pdftex.def)             Requested size: 243.90959pt x 162.60709pt.

Overfull \hbox (23.99998pt too wide) in paragraph at lines 4--10
 [] 
 []

[12] [13 </Users/kyleslugg/Documents/NYCHA/Production/WORK_ORDER_ANALYSIS/Conso
lidation_BarCharts/png/73_Sumner_WorkOrder_Category_BarChart.png> </Users/kyles
lugg/Documents/NYCHA/Production/WORK_ORDER_ANALYSIS/Development_BarCharts/png/1
56_303-VERNON-AVENUE_WorkOrder_Category_BarChart.png> </Users/kyleslugg/Documen
ts/NYCHA/Production/WORK_ORDER_ANALYSIS/Development_BarCharts/png/311_BEDFORD-S
TUYVESANT-REHAB_WorkOrder_Category_BarChart.png> </Users/kyleslugg/Documents/NY
CHA/Production/WORK_ORDER_ANALYSIS/Development_BarCharts/png/73_SUMNER_WorkOrde
r_Category_BarChart.png>]
</Users/kyleslugg/Documents/NYCHA/Production/WORK_ORDER_ANALYSIS/Dev_Interior_C
omp_Repair_BarCharts/png/Sumner_73_303-Vernon-Avenue_156_Interior_Comp_Rep_BarC
hart.png, id=191, 433.62pt x 289.08pt>
File: /Users/kyleslugg/Documents/NYCHA/Production/WORK_ORDER_ANALYSIS/Dev_Inter
ior_Comp_Repair_BarCharts/png/Sumner_73_303-Vernon-Avenue_156_Interior_Comp_Rep
_BarChart.png Graphic file (type png)
<use /Users/kyleslugg/Documents/NYCHA/Production/WORK_ORDER_ANALYSIS/Dev_Interi
or_Comp_Repair_BarCharts/png/Sumner_73_303-Vernon-Avenue_156_Interior_Comp_Rep_
BarChart.png>
Package pdftex.def Info: /Users/kyleslugg/Documents/NYCHA/Production/WORK_ORDER
_ANALYSIS/Dev_Interior_Comp_Repair_BarCharts/png/Sumner_73_303-Vernon-Avenue_15
6_Interior_Comp_Rep_BarChart.png  used on input line 18.
(pdftex.def)             Requested size: 243.90959pt x 162.60709pt.
</Users/kyleslugg/Documents/NYCHA/Production/WORK_ORDER_ANALYSIS/Dev_Interior_C
omp_Repair_BarCharts/png/Sumner_73_Bedford-Stuyvesant-Rehab_311_Interior_Comp_R
ep_BarChart.png, id=192, 433.62pt x 289.08pt>
File: /Users/kyleslugg/Documents/NYCHA/Production/WORK_ORDER_ANALYSIS/Dev_Inter
ior_Comp_Repair_BarCharts/png/Sumner_73_Bedford-Stuyvesant-Rehab_311_Interior_C
omp_Rep_BarChart.png Graphic file (type png)
<use /Users/kyleslugg/Documents/NYCHA/Production/WORK_ORDER_ANALYSIS/Dev_Interi
or_Comp_Repair_BarCharts/png/Sumner_73_Bedford-Stuyvesant-Rehab_311_Interior_Co
mp_Rep_BarChart.png>
Package pdftex.def Info: /Users/kyleslugg/Documents/NYCHA/Production/WORK_ORDER
_ANALYSIS/Dev_Interior_Comp_Repair_BarCharts/png/Sumner_73_Bedford-Stuyvesant-R
ehab_311_Interior_Comp_Rep_BarChart.png  used on input line 18.
(pdftex.def)             Requested size: 243.90959pt x 162.60709pt.
</Users/kyleslugg/Documents/NYCHA/Production/WORK_ORDER_ANALYSIS/Dev_Interior_C
omp_Repair_BarCharts/png/Sumner_73_Sumner_73_Interior_Comp_Rep_BarChart.png, id
=193, 433.62pt x 289.08pt>
File: /Users/kyleslugg/Documents/NYCHA/Production/WORK_ORDER_ANALYSIS/Dev_Inter
ior_Comp_Repair_BarCharts/png/Sumner_73_Sumner_73_Interior_Comp_Rep_BarChart.pn
g Graphic file (type png)
<use /Users/kyleslugg/Documents/NYCHA/Production/WORK_ORDER_ANALYSIS/Dev_Interi
or_Comp_Repair_BarCharts/png/Sumner_73_Sumner_73_Interior_Comp_Rep_BarChart.png
>
Package pdftex.def Info: /Users/kyleslugg/Documents/NYCHA/Production/WORK_ORDER
_ANALYSIS/Dev_Interior_Comp_Repair_BarCharts/png/Sumner_73_Sumner_73_Interior_C
omp_Rep_BarChart.png  used on input line 19.
(pdftex.def)             Requested size: 243.90959pt x 162.60709pt.

(/Users/kyleslugg/Documents/NYCHA/Production/WORK_ORDER_ANALYSIS/Dev_Interior_C
omp_Repair_Tables/073_repair_table.tex
Underfull \hbox (badness 10000) in alignment at lines 31--31
[][][][] 
 []

)
Overfull \hbox (23.99998pt too wide) in paragraph at lines 16--22
 [] 
 []

) [14 </Users/kyleslugg/Documents/NYCHA/Production/WORK_ORDER_ANALYSIS/Dev_Inte
rior_Comp_Repair_BarCharts/png/Sumner_73_303-Vernon-Avenue_156_Interior_Comp_Re
p_BarChart.png> </Users/kyleslugg/Documents/NYCHA/Production/WORK_ORDER_ANALYSI
S/Dev_Interior_Comp_Repair_BarCharts/png/Sumner_73_Bedford-Stuyvesant-Rehab_311
_Interior_Comp_Rep_BarChart.png> </Users/kyleslugg/Documents/NYCHA/Production/W
ORK_ORDER_ANALYSIS/Dev_Interior_Comp_Repair_BarCharts/png/Sumner_73_Sumner_73_I
nterior_Comp_Rep_BarChart.png>]

Package Fancyhdr Warning: \fancyfoot's `E' option without twoside option is use
less on input line 159.


Package Fancyhdr Warning: \fancyhead's `E' option without twoside option is use
less on input line 160.

[15] (/Users/kyleslugg/Documents/NYCHA/Production/TEXT/staff_descriptions.tex
LaTeX Font Info:    Try loading font information for OMS+phv on input line 3.

(/usr/local/texlive/2018/texmf-dist/tex/latex/psnfss/omsphv.fd
File: omsphv.fd 
)
LaTeX Font Info:    Font shape `OMS/phv/m/n' in size <10.95> not available
(Font)              Font shape `OMS/cmsy/m/n' tried instead on input line 3.
)
(/Users/kyleslugg/Documents/NYCHA/Production/TABLES/staff_table/073_staff_table
.tex)
LaTeX Font Info:    External font `cmex10' loaded for size
(Font)              <9> on input line 230.
 [16]

Package Fancyhdr Warning: \fancyfoot's `E' option without twoside option is use
less on input line 242.


Package Fancyhdr Warning: \fancyhead's `E' option without twoside option is use
less on input line 243.


(/Users/kyleslugg/Documents/NYCHA/Production/TEXT/analysis_text/073_analysis.te
x) [17]

Package Fancyhdr Warning: \fancyfoot's `E' option without twoside option is use
less on input line 254.

</Users/kyleslugg/Documents/NYCHA/Production/APPENDICES/site_plans/073.pdf, id=
218, 513.92pt x 794.97pt>
File: /Users/kyleslugg/Documents/NYCHA/Production/APPENDICES/site_plans/073.pdf
 Graphic file (type pdf)
<use /Users/kyleslugg/Documents/NYCHA/Production/APPENDICES/site_plans/073.pdf>

Package pdftex.def Info: /Users/kyleslugg/Documents/NYCHA/Production/APPENDICES
/site_plans/073.pdf  used on input line 257.
(pdftex.def)             Requested size: 513.91873pt x 794.96806pt.
File: /Users/kyleslugg/Documents/NYCHA/Production/APPENDICES/site_plans/073.pdf
 Graphic file (type pdf)
<use /Users/kyleslugg/Documents/NYCHA/Production/APPENDICES/site_plans/073.pdf>

Package pdftex.def Info: /Users/kyleslugg/Documents/NYCHA/Production/APPENDICES
/site_plans/073.pdf  used on input line 257.
(pdftex.def)             Requested size: 513.91873pt x 794.96806pt.
</Users/kyleslugg/Documents/NYCHA/Production/APPENDICES/site_plans/073.pdf, id=
221, page=1, 513.92pt x 794.97pt>
File: /Users/kyleslugg/Documents/NYCHA/Production/APPENDICES/site_plans/073.pdf
 Graphic file (type pdf)
<use /Users/kyleslugg/Documents/NYCHA/Production/APPENDICES/site_plans/073.pdf,
 page 1>
Package pdftex.def Info: /Users/kyleslugg/Documents/NYCHA/Production/APPENDICES
/site_plans/073.pdf , page1 used on input line 257.
(pdftex.def)             Requested size: 513.91873pt x 794.96806pt.
File: /Users/kyleslugg/Documents/NYCHA/Production/APPENDICES/site_plans/073.pdf
 Graphic file (type pdf)
<use /Users/kyleslugg/Documents/NYCHA/Production/APPENDICES/site_plans/073.pdf,
 page 1>
Package pdftex.def Info: /Users/kyleslugg/Documents/NYCHA/Production/APPENDICES
/site_plans/073.pdf , page1 used on input line 257.
(pdftex.def)             Requested size: 514.54607pt x 795.93848pt.
File: /Users/kyleslugg/Documents/NYCHA/Production/APPENDICES/site_plans/073.pdf
 Graphic file (type pdf)
<use /Users/kyleslugg/Documents/NYCHA/Production/APPENDICES/site_plans/073.pdf,
 page 1>
Package pdftex.def Info: /Users/kyleslugg/Documents/NYCHA/Production/APPENDICES
/site_plans/073.pdf , page1 used on input line 257.
(pdftex.def)             Requested size: 514.54607pt x 795.93848pt.
File: /Users/kyleslugg/Documents/NYCHA/Production/APPENDICES/site_plans/073.pdf
 Graphic file (type pdf)
<use /Users/kyleslugg/Documents/NYCHA/Production/APPENDICES/site_plans/073.pdf,
 page 1>
Package pdftex.def Info: /Users/kyleslugg/Documents/NYCHA/Production/APPENDICES
/site_plans/073.pdf , page1 used on input line 257.
(pdftex.def)             Requested size: 514.54607pt x 795.93848pt.
File: /Users/kyleslugg/Documents/NYCHA/Production/APPENDICES/site_plans/073.pdf
 Graphic file (type pdf)
<use /Users/kyleslugg/Documents/NYCHA/Production/APPENDICES/site_plans/073.pdf,
 page 1>
Package pdftex.def Info: /Users/kyleslugg/Documents/NYCHA/Production/APPENDICES
/site_plans/073.pdf , page1 used on input line 257.
(pdftex.def)             Requested size: 514.54607pt x 795.93848pt.
[18 </Users/kyleslugg/Documents/NYCHA/Production/APPENDICES/site_plans/073.pdf>
]
</Users/kyleslugg/Documents/NYCHA/Production/APPENDICES/site_plans/073.pdf, id=
229, page=2, 465.74pt x 794.97pt>
File: /Users/kyleslugg/Documents/NYCHA/Production/APPENDICES/site_plans/073.pdf
 Graphic file (type pdf)
<use /Users/kyleslugg/Documents/NYCHA/Production/APPENDICES/site_plans/073.pdf,
 page 2>
Package pdftex.def Info: /Users/kyleslugg/Documents/NYCHA/Production/APPENDICES
/site_plans/073.pdf , page2 used on input line 257.
(pdftex.def)             Requested size: 466.30739pt x 795.93848pt.
File: /Users/kyleslugg/Documents/NYCHA/Production/APPENDICES/site_plans/073.pdf
 Graphic file (type pdf)
<use /Users/kyleslugg/Documents/NYCHA/Production/APPENDICES/site_plans/073.pdf,
 page 2>
Package pdftex.def Info: /Users/kyleslugg/Documents/NYCHA/Production/APPENDICES
/site_plans/073.pdf , page2 used on input line 257.
(pdftex.def)             Requested size: 466.30739pt x 795.93848pt.
File: /Users/kyleslugg/Documents/NYCHA/Production/APPENDICES/site_plans/073.pdf
 Graphic file (type pdf)
<use /Users/kyleslugg/Documents/NYCHA/Production/APPENDICES/site_plans/073.pdf,
 page 2>
Package pdftex.def Info: /Users/kyleslugg/Documents/NYCHA/Production/APPENDICES
/site_plans/073.pdf , page2 used on input line 257.
(pdftex.def)             Requested size: 466.30739pt x 795.93848pt.
 [19 </Users/kyleslugg/Documents/NYCHA/Production/APPENDICES/site_plans/073.pdf
>])
Package atveryend Info: Empty hook `BeforeClearDocument' on input line 322.
Package atveryend Info: Empty hook `AfterLastShipout' on input line 322.
 (./report_nosec.aux (./content_nosec.aux))
Package atveryend Info: Executing hook `AtVeryEndDocument' on input line 322.
Package atveryend Info: Executing hook `AtEndAfterFileList' on input line 322.


Package rerunfilecheck Warning: File `report_nosec.out' has changed.
(rerunfilecheck)                Rerun to get outlines right
(rerunfilecheck)                or use package `bookmark'.

Package rerunfilecheck Info: Checksums for `report_nosec.out':
(rerunfilecheck)             Before: A42B8CF9F6114163237AF944FC7F9910;742
(rerunfilecheck)             After:  599993629D724D871941E559DBBE4977;788.
Package atveryend Info: Empty hook `AtVeryVeryEnd' on input line 322.
Package logreq Info: Writing requests to 'report_nosec.run.xml'.
\openout1 = `report_nosec.run.xml'.

 )
(\end occurred inside a group at level 1)

### simple group (level 1) entered at line 5 ({)
### bottom level 
Here is how much of TeX's memory you used:
 32273 strings out of 492649
 625542 string characters out of 6129622
 1162306 words of memory out of 5000000
 35386 multiletter control sequences out of 15000+600000
 33577 words of font info for 58 fonts, out of 8000000 for 9000
 1143 hyphenation exceptions out of 8191
 55i,27n,82p,1375b,2271s stack positions out of 5000i,500n,10000p,200000b,80000s
{/usr/local/texlive/2018/texmf-dist/fonts/enc/dvips/base/8r.enc
}</usr/local/texlive/2018/texmf-dist/fonts/type1/public/amsfonts/cm/cmr10.pfb><
/usr/local/texlive/2018/texmf-dist/fonts/type1/public/amsfonts/cm/cmsy10.pfb></
usr/local/texlive/2018/texmf-dist/fonts/type1/urw/helvetic/uhvb8a.pfb></usr/loc
al/texlive/2018/texmf-dist/fonts/type1/urw/helvetic/uhvr8a.pfb></usr/local/texl
ive/2018/texmf-dist/fonts/type1/urw/helvetic/uhvro8a.pfb>
Output written on report_nosec.pdf (21 pages, 8334244 bytes).
PDF statistics:
 268 PDF objects out of 1000 (max. 8388607)
 180 compressed objects within 2 object streams
 52 named destinations out of 1000 (max. 500000)
 325 words of extra memory for PDF output out of 10000 (max. 10000000)

